

================================================================
== Vivado HLS Report for 'sha256_update'
================================================================
* Date:           Wed Nov 29 19:46:06 2023

* Version:        2019.1 (Build 2552052 on Fri May 24 15:28:33 MDT 2019)
* Project:        sha256
* Solution:       solution1
* Product family: zynq
* Target device:  xc7z020-clg484-1


================================================================
== Performance Estimates
================================================================
+ Timing (ns): 
    * Summary: 
    +--------+-------+----------+------------+
    |  Clock | Target| Estimated| Uncertainty|
    +--------+-------+----------+------------+
    |ap_clk  |  10.00|     8.750|        1.25|
    +--------+-------+----------+------------+

+ Latency (clock cycles): 
    * Summary: 
    +-----+-----+-----+-----+---------+
    |  Latency  |  Interval | Pipeline|
    | min | max | min | max |   Type  |
    +-----+-----+-----+-----+---------+
    |    ?|    ?|    ?|    ?|   none  |
    +-----+-----+-----+-----+---------+

    + Detail: 
        * Instance: 
        +-----------------------------+------------------+-----+-----+-----+-----+---------+
        |                             |                  |  Latency  |  Interval | Pipeline|
        |           Instance          |      Module      | min | max | min | max |   Type  |
        +-----------------------------+------------------+-----+-----+-----+-----+---------+
        |grp_sha256_transform_fu_151  |sha256_transform  |  435|  435|  435|  435|   none  |
        +-----------------------------+------------------+-----+-----+-----+-----+---------+

        * Loop: 
        +----------+-----+-----+----------+-----------+-----------+------+----------+
        |          |  Latency  | Iteration|  Initiation Interval  | Trip |          |
        | Loop Name| min | max |  Latency |  achieved |   target  | Count| Pipelined|
        +----------+-----+-----+----------+-----------+-----------+------+----------+
        |- Loop 1  |    ?|    ?|  3 ~ 439 |          -|          -|     ?|    no    |
        +----------+-----+-----+----------+-----------+-----------+------+----------+



================================================================
== Utilization Estimates
================================================================
* Summary: 
+-----------------+---------+-------+--------+-------+-----+
|       Name      | BRAM_18K| DSP48E|   FF   |  LUT  | URAM|
+-----------------+---------+-------+--------+-------+-----+
|DSP              |        -|      -|       -|      -|    -|
|Expression       |        -|      -|       0|    232|    -|
|FIFO             |        -|      -|       -|      -|    -|
|Instance         |        3|      -|     782|   1640|    0|
|Memory           |        -|      -|       -|      -|    -|
|Multiplexer      |        -|      -|       -|    209|    -|
|Register         |        -|      -|     757|      -|    -|
+-----------------+---------+-------+--------+-------+-----+
|Total            |        3|      0|    1539|   2081|    0|
+-----------------+---------+-------+--------+-------+-----+
|Available        |      280|    220|  106400|  53200|    0|
+-----------------+---------+-------+--------+-------+-----+
|Utilization (%)  |        1|      0|       1|      3|    0|
+-----------------+---------+-------+--------+-------+-----+

+ Detail: 
    * Instance: 
    +-----------------------------+------------------+---------+-------+-----+------+-----+
    |           Instance          |      Module      | BRAM_18K| DSP48E|  FF |  LUT | URAM|
    +-----------------------------+------------------+---------+-------+-----+------+-----+
    |grp_sha256_transform_fu_151  |sha256_transform  |        3|      0|  782|  1640|    0|
    +-----------------------------+------------------+---------+-------+-----+------+-----+
    |Total                        |                  |        3|      0|  782|  1640|    0|
    +-----------------------------+------------------+---------+-------+-----+------+-----+

    * DSP48E: 
    N/A

    * Memory: 
    N/A

    * FIFO: 
    N/A

    * Expression: 
    +----------------------------------+----------+-------+---+----+------------+------------+
    |           Variable Name          | Operation| DSP48E| FF| LUT| Bitwidth P0| Bitwidth P1|
    +----------------------------------+----------+-------+---+----+------------+------------+
    |add_ln64_fu_347_p2                |     +    |      0|  0|  39|          32|           1|
    |add_ln67_fu_396_p2                |     +    |      0|  0|  71|          64|          10|
    |i_fu_276_p2                       |     +    |      0|  0|  71|          64|           1|
    |ap_block_state11_on_subcall_done  |    and   |      0|  0|   2|           1|           1|
    |ap_block_state8                   |    and   |      0|  0|   2|           1|           1|
    |icmp_ln61_fu_271_p2               |   icmp   |      0|  0|  29|          64|          64|
    |icmp_ln65_fu_353_p2               |   icmp   |      0|  0|  18|          32|           7|
    +----------------------------------+----------+-------+---+----+------------+------------+
    |Total                             |          |      0|  0| 232|         258|          85|
    +----------------------------------+----------+-------+---+----+------------+------------+

    * Multiplexer: 
    +----------------------+----+-----------+-----+-----------+
    |         Name         | LUT| Input Size| Bits| Total Bits|
    +----------------------+----+-----------+-----+-----------+
    |ap_NS_fsm             |  53|         12|    1|         12|
    |ctx_bitlen_0_fu_68    |   9|          2|   64|        128|
    |ctx_data_address0     |  15|          3|    6|         18|
    |ctx_data_ce0          |  15|          3|    1|          3|
    |ctx_data_ce1          |   9|          2|    1|          2|
    |ctx_datalen_0_fu_64   |   9|          2|   32|         64|
    |ctx_state_0_0_fu_100  |   9|          2|   32|         64|
    |ctx_state_1_0_fu_96   |   9|          2|   32|         64|
    |ctx_state_2_0_fu_92   |   9|          2|   32|         64|
    |ctx_state_3_0_fu_88   |   9|          2|   32|         64|
    |ctx_state_4_0_fu_84   |   9|          2|   32|         64|
    |ctx_state_5_0_fu_80   |   9|          2|   32|         64|
    |ctx_state_6_0_fu_76   |   9|          2|   32|         64|
    |ctx_state_7_0_fu_72   |   9|          2|   32|         64|
    |data_blk_n_AR         |   9|          2|    1|          2|
    |data_blk_n_R          |   9|          2|    1|          2|
    |i_0_reg_140           |   9|          2|   64|        128|
    +----------------------+----+-----------+-----+-----------+
    |Total                 | 209|         46|  427|        871|
    +----------------------+----+-----------+-----+-----------+

    * Register: 
    +------------------------------------------+----+----+-----+-----------+
    |                   Name                   | FF | LUT| Bits| Const Bits|
    +------------------------------------------+----+----+-----+-----------+
    |ap_CS_fsm                                 |  11|   0|   11|          0|
    |ctx_bitlen_0_fu_68                        |  64|   0|   64|          0|
    |ctx_datalen_0_fu_64                       |  32|   0|   32|          0|
    |ctx_state_0_0_fu_100                      |  32|   0|   32|          0|
    |ctx_state_0_0_load_1_reg_585              |  32|   0|   32|          0|
    |ctx_state_1_0_fu_96                       |  32|   0|   32|          0|
    |ctx_state_1_0_load_1_reg_580              |  32|   0|   32|          0|
    |ctx_state_2_0_fu_92                       |  32|   0|   32|          0|
    |ctx_state_2_0_load_1_reg_575              |  32|   0|   32|          0|
    |ctx_state_3_0_fu_88                       |  32|   0|   32|          0|
    |ctx_state_3_0_load_1_reg_570              |  32|   0|   32|          0|
    |ctx_state_4_0_fu_84                       |  32|   0|   32|          0|
    |ctx_state_4_0_load_1_reg_565              |  32|   0|   32|          0|
    |ctx_state_5_0_fu_80                       |  32|   0|   32|          0|
    |ctx_state_5_0_load_1_reg_560              |  32|   0|   32|          0|
    |ctx_state_6_0_fu_76                       |  32|   0|   32|          0|
    |ctx_state_6_0_load_1_reg_555              |  32|   0|   32|          0|
    |ctx_state_7_0_fu_72                       |  32|   0|   32|          0|
    |ctx_state_7_0_load_1_reg_550              |  32|   0|   32|          0|
    |data_addr_read_reg_541                    |   8|   0|    8|          0|
    |grp_sha256_transform_fu_151_ap_start_reg  |   1|   0|    1|          0|
    |i_0_reg_140                               |  64|   0|   64|          0|
    |i_reg_536                                 |  64|   0|   64|          0|
    |icmp_ln65_reg_546                         |   1|   0|    1|          0|
    +------------------------------------------+----+----+-----+-----------+
    |Total                                     | 757|   0|  757|          0|
    +------------------------------------------+----+----+-----+-----------+



================================================================
== Interface
================================================================
* Summary: 
+---------------------+-----+-----+------------+---------------+--------------+
|      RTL Ports      | Dir | Bits|  Protocol  | Source Object |    C Type    |
+---------------------+-----+-----+------------+---------------+--------------+
|ap_clk               |  in |    1| ap_ctrl_hs | sha256_update | return value |
|ap_rst               |  in |    1| ap_ctrl_hs | sha256_update | return value |
|ap_start             |  in |    1| ap_ctrl_hs | sha256_update | return value |
|ap_done              | out |    1| ap_ctrl_hs | sha256_update | return value |
|ap_idle              | out |    1| ap_ctrl_hs | sha256_update | return value |
|ap_ready             | out |    1| ap_ctrl_hs | sha256_update | return value |
|ap_return_0          | out |   32| ap_ctrl_hs | sha256_update | return value |
|ap_return_1          | out |   64| ap_ctrl_hs | sha256_update | return value |
|ap_return_2          | out |   32| ap_ctrl_hs | sha256_update | return value |
|ap_return_3          | out |   32| ap_ctrl_hs | sha256_update | return value |
|ap_return_4          | out |   32| ap_ctrl_hs | sha256_update | return value |
|ap_return_5          | out |   32| ap_ctrl_hs | sha256_update | return value |
|ap_return_6          | out |   32| ap_ctrl_hs | sha256_update | return value |
|ap_return_7          | out |   32| ap_ctrl_hs | sha256_update | return value |
|ap_return_8          | out |   32| ap_ctrl_hs | sha256_update | return value |
|ap_return_9          | out |   32| ap_ctrl_hs | sha256_update | return value |
|ctx_data_address0    | out |    6|  ap_memory |    ctx_data   |     array    |
|ctx_data_ce0         | out |    1|  ap_memory |    ctx_data   |     array    |
|ctx_data_we0         | out |    1|  ap_memory |    ctx_data   |     array    |
|ctx_data_d0          | out |    8|  ap_memory |    ctx_data   |     array    |
|ctx_data_q0          |  in |    8|  ap_memory |    ctx_data   |     array    |
|ctx_data_address1    | out |    6|  ap_memory |    ctx_data   |     array    |
|ctx_data_ce1         | out |    1|  ap_memory |    ctx_data   |     array    |
|ctx_data_q1          |  in |    8|  ap_memory |    ctx_data   |     array    |
|m_axi_data_AWVALID   | out |    1|    m_axi   |      data     |    pointer   |
|m_axi_data_AWREADY   |  in |    1|    m_axi   |      data     |    pointer   |
|m_axi_data_AWADDR    | out |   32|    m_axi   |      data     |    pointer   |
|m_axi_data_AWID      | out |    1|    m_axi   |      data     |    pointer   |
|m_axi_data_AWLEN     | out |   32|    m_axi   |      data     |    pointer   |
|m_axi_data_AWSIZE    | out |    3|    m_axi   |      data     |    pointer   |
|m_axi_data_AWBURST   | out |    2|    m_axi   |      data     |    pointer   |
|m_axi_data_AWLOCK    | out |    2|    m_axi   |      data     |    pointer   |
|m_axi_data_AWCACHE   | out |    4|    m_axi   |      data     |    pointer   |
|m_axi_data_AWPROT    | out |    3|    m_axi   |      data     |    pointer   |
|m_axi_data_AWQOS     | out |    4|    m_axi   |      data     |    pointer   |
|m_axi_data_AWREGION  | out |    4|    m_axi   |      data     |    pointer   |
|m_axi_data_AWUSER    | out |    1|    m_axi   |      data     |    pointer   |
|m_axi_data_WVALID    | out |    1|    m_axi   |      data     |    pointer   |
|m_axi_data_WREADY    |  in |    1|    m_axi   |      data     |    pointer   |
|m_axi_data_WDATA     | out |    8|    m_axi   |      data     |    pointer   |
|m_axi_data_WSTRB     | out |    1|    m_axi   |      data     |    pointer   |
|m_axi_data_WLAST     | out |    1|    m_axi   |      data     |    pointer   |
|m_axi_data_WID       | out |    1|    m_axi   |      data     |    pointer   |
|m_axi_data_WUSER     | out |    1|    m_axi   |      data     |    pointer   |
|m_axi_data_ARVALID   | out |    1|    m_axi   |      data     |    pointer   |
|m_axi_data_ARREADY   |  in |    1|    m_axi   |      data     |    pointer   |
|m_axi_data_ARADDR    | out |   32|    m_axi   |      data     |    pointer   |
|m_axi_data_ARID      | out |    1|    m_axi   |      data     |    pointer   |
|m_axi_data_ARLEN     | out |   32|    m_axi   |      data     |    pointer   |
|m_axi_data_ARSIZE    | out |    3|    m_axi   |      data     |    pointer   |
|m_axi_data_ARBURST   | out |    2|    m_axi   |      data     |    pointer   |
|m_axi_data_ARLOCK    | out |    2|    m_axi   |      data     |    pointer   |
|m_axi_data_ARCACHE   | out |    4|    m_axi   |      data     |    pointer   |
|m_axi_data_ARPROT    | out |    3|    m_axi   |      data     |    pointer   |
|m_axi_data_ARQOS     | out |    4|    m_axi   |      data     |    pointer   |
|m_axi_data_ARREGION  | out |    4|    m_axi   |      data     |    pointer   |
|m_axi_data_ARUSER    | out |    1|    m_axi   |      data     |    pointer   |
|m_axi_data_RVALID    |  in |    1|    m_axi   |      data     |    pointer   |
|m_axi_data_RREADY    | out |    1|    m_axi   |      data     |    pointer   |
|m_axi_data_RDATA     |  in |    8|    m_axi   |      data     |    pointer   |
|m_axi_data_RLAST     |  in |    1|    m_axi   |      data     |    pointer   |
|m_axi_data_RID       |  in |    1|    m_axi   |      data     |    pointer   |
|m_axi_data_RUSER     |  in |    1|    m_axi   |      data     |    pointer   |
|m_axi_data_RRESP     |  in |    2|    m_axi   |      data     |    pointer   |
|m_axi_data_BVALID    |  in |    1|    m_axi   |      data     |    pointer   |
|m_axi_data_BREADY    | out |    1|    m_axi   |      data     |    pointer   |
|m_axi_data_BRESP     |  in |    2|    m_axi   |      data     |    pointer   |
|m_axi_data_BID       |  in |    1|    m_axi   |      data     |    pointer   |
|m_axi_data_BUSER     |  in |    1|    m_axi   |      data     |    pointer   |
|data_offset          |  in |   32|   ap_none  |  data_offset  |    scalar    |
|len                  |  in |   64|   ap_none  |      len      |    scalar    |
+---------------------+-----+-----+------------+---------------+--------------+

