INFO-FLOW: Workspace D:/Aeld_data/IP_Creation/sha256/solution1 opened at Wed Nov 29 19:45:53 +0530 2023
Execute     config_clock -quiet -name default -period 10 -default=false 
INFO: [SYN 201-201] Setting up clock 'default' with a period of 10ns.
Execute     config_clock -quiet -name default -uncertainty 1.25 
INFO: [SYN 201-201] Setting up clock 'default' with an uncertainty of 1.25ns.
Execute     open_platform DefaultPlatform 
Execute     import_lib D:/Xilinx/Vivado/2019.1/common/technology/xilinx/zynq/zynq 
Execute       source D:/Xilinx/Vivado/2019.1/common/technology/xilinx/common/xilinx.lib 
Execute         source D:/Xilinx/Vivado/2019.1/common/technology/xilinx/interface/xilinx_interface.lib 
Execute           source D:/Xilinx/Vivado/2019.1/common/technology/xilinx/interface/plb46.lib 
Execute           source D:/Xilinx/Vivado/2019.1/common/technology/xilinx/interface/fsl.lib 
Execute           source D:/Xilinx/Vivado/2019.1/common/technology/xilinx/interface/axi4.lib 
Execute           source D:/Xilinx/Vivado/2019.1/common/technology/xilinx/interface/maxi.lib 
Execute           source D:/Xilinx/Vivado/2019.1/common/technology/xilinx/interface/saxilite.lib 
Execute         source D:/Xilinx/Vivado/2019.1/common/technology/xilinx/common/dsp48.lib 
Execute         source D:/Xilinx/Vivado/2019.1/common/technology/xilinx/ip/dds_compiler.lib 
Execute         source D:/Xilinx/Vivado/2019.1/common/technology/xilinx/ip/xfft.lib 
Execute         source D:/Xilinx/Vivado/2019.1/common/technology/xilinx/ip/xfir.lib 
Execute       source D:/Xilinx/Vivado/2019.1/common/technology/xilinx/common/xilinx.hlp 
Execute         source D:/Xilinx/Vivado/2019.1/common/technology/xilinx/common/target_info.tcl 
Execute         source D:/Xilinx/Vivado/2019.1/common/technology/xilinx/interface/xilinx_interface.hlp 
Execute           source D:/Xilinx/Vivado/2019.1/common/technology/xilinx/interface/maxi.hlp 
Execute           source D:/Xilinx/Vivado/2019.1/common/technology/xilinx/interface/saxilite.hlp 
Execute         source D:/Xilinx/Vivado/2019.1/common/technology/xilinx/common/dsp48.hlp 
Execute       source D:/Xilinx/Vivado/2019.1/common/technology/xilinx/zynq/dsp48e1.hlp 
Execute       source D:/Xilinx/Vivado/2019.1/common/technology/xilinx/common/xilinx.hlp 
Execute         source D:/Xilinx/Vivado/2019.1/common/technology/xilinx/common/target_info.tcl 
Execute         source D:/Xilinx/Vivado/2019.1/common/technology/xilinx/interface/xilinx_interface.hlp 
Execute           source D:/Xilinx/Vivado/2019.1/common/technology/xilinx/interface/maxi.hlp 
Execute           source D:/Xilinx/Vivado/2019.1/common/technology/xilinx/interface/saxilite.hlp 
Execute         source D:/Xilinx/Vivado/2019.1/common/technology/xilinx/common/dsp48.hlp 
Execute     source D:/Xilinx/Vivado/2019.1/common/technology/xilinx/zynq/zynq.gen 
Execute       source D:/Xilinx/Vivado/2019.1/common/technology/xilinx/common/xilinx.gen 
Execute         source D:/Xilinx/Vivado/2019.1/common/technology/xilinx/interface/plb46.gen 
Execute         source D:/Xilinx/Vivado/2019.1/common/technology/xilinx/interface/fsl.gen 
Execute         source D:/Xilinx/Vivado/2019.1/common/technology/xilinx/interface/axi4.gen 
Execute         source D:/Xilinx/Vivado/2019.1/common/technology/xilinx/interface/nativeAXI4.gen 
Execute           source D:/Xilinx/Vivado/2019.1/common/technology/xilinx/interface/saxilite.gen 
Execute           source D:/Xilinx/Vivado/2019.1/common/technology/xilinx/interface/maxi.gen 
Execute         source D:/Xilinx/Vivado/2019.1/common/technology/xilinx/scripts/xilinxcoregen.gen 
Execute         source D:/Xilinx/Vivado/2019.1/common/technology/xilinx/interface/XilEDKCoreGen.gen 
Execute         source D:/Xilinx/Vivado/2019.1/common/technology/xilinx/ip/dds_compiler.gen 
Execute         source D:/Xilinx/Vivado/2019.1/common/technology/xilinx/ip/util.gen 
Execute         source D:/Xilinx/Vivado/2019.1/common/technology/xilinx/ip/xfft.gen 
Execute         source D:/Xilinx/Vivado/2019.1/common/technology/xilinx/ip/xfir.gen 
Execute         source D:/Xilinx/Vivado/2019.1/common/technology/xilinx/common/dsp48.gen 
Command       ap_source done; 0.15 sec.
Command     ap_source done; 0.15 sec.
Execute     open_platform DefaultPlatform 
Execute     import_lib D:/Xilinx/Vivado/2019.1/common/technology/xilinx/zynq/zynq_fpv6 
Execute       source D:/Xilinx/Vivado/2019.1/common/technology/xilinx/common/xilinx_fp.lib 
Execute       source D:/Xilinx/Vivado/2019.1/common/technology/xilinx/common/xilinx_fp.hlp 
Execute         source D:/Xilinx/Vivado/2019.1/common/technology/xilinx/common/xilinx.hlp 
Execute           source D:/Xilinx/Vivado/2019.1/common/technology/xilinx/common/target_info.tcl 
Execute           source D:/Xilinx/Vivado/2019.1/common/technology/xilinx/interface/xilinx_interface.hlp 
Execute             source D:/Xilinx/Vivado/2019.1/common/technology/xilinx/interface/maxi.hlp 
Execute             source D:/Xilinx/Vivado/2019.1/common/technology/xilinx/interface/saxilite.hlp 
Execute           source D:/Xilinx/Vivado/2019.1/common/technology/xilinx/common/dsp48.hlp 
Execute     source D:/Xilinx/Vivado/2019.1/common/technology/xilinx/zynq/zynq_fpv6.gen 
Execute       source D:/Xilinx/Vivado/2019.1/common/technology/xilinx/common/xilinx_fp.gen 
Execute     set_part xc7z020-clg484-1 
Execute       ap_part_info -name xc7z020-clg484-1 -data single -quiet 
Command       ap_part_info done; 0.669 sec.
Execute       ap_part_info -name xc7z020-clg484-1 -data info 
Execute       add_library xilinx/zynq/zynq:xc7z020:-clg484:-1 
Execute         get_default_platform 
Execute         license_isbetapart xc7z020 
Command         license_isbetapart done; error code: 1; 
Execute         ap_part_info -data single -name xc7z020-clg484-1 
Execute         ap_part_info -name xc7z020-clg484-1 -data resources 
Execute         ap_part_info -name xc7z020-clg484-1 -data info 
Execute         ap_part_info -name xc7z020-clg484-1 -data info 
Execute         config_chip_info -quiet -resource {SLICE 13300} {LUT 53200} {FF 106400} {DSP48E 220} {BRAM 280} {URAM 0} 
Execute         ap_part_info -name xc7z020-clg484-1 -data info 
Execute         config_chip_info -quiet -speed slow 
Execute       add_library xilinx/zynq/zynq_fpv6 
Execute         get_default_platform 
INFO: [HLS 200-10] Setting target device to 'xc7z020-clg484-1'
Execute       ap_part_info -name xc7z020-clg484-1 -data info 
Execute       get_default_platform 
Command     set_part done; 0.798 sec.
Execute     ap_part_info -data single -name xc7z020-clg484-1 
Execute     ap_part_info -name xc7z020-clg484-1 -data resources 
Execute     ap_part_info -name xc7z020-clg484-1 -data info 
Execute     ap_part_info -name xc7z020-clg484-1 -data info 
Execute     config_chip_info -quiet -resource {SLICE 13300} {LUT 53200} {FF 106400} {DSP48E 220} {BRAM 280} {URAM 0} 
Execute     ap_part_info -name xc7z020-clg484-1 -data info 
Execute     config_chip_info -quiet -speed slow 
Command   open_solution done; 1.032 sec.
Execute   set_part xc7z020-clg484-1 -tool vivado 
Execute     ap_part_info -name xc7z020-clg484-1 -data single -quiet 
Execute     ap_part_info -name xc7z020-clg484-1 -data info 
Execute     add_library xilinx/zynq/zynq:xc7z020:-clg484:-1 
Execute       get_default_platform 
Execute       license_isbetapart xc7z020 
Command       license_isbetapart done; error code: 1; 
Execute       ap_part_info -data single -name xc7z020-clg484-1 
Execute       ap_part_info -name xc7z020-clg484-1 -data resources 
Execute       ap_part_info -name xc7z020-clg484-1 -data info 
Execute       ap_part_info -name xc7z020-clg484-1 -data info 
Execute       config_chip_info -quiet -resource {SLICE 13300} {LUT 53200} {FF 106400} {DSP48E 220} {BRAM 280} {URAM 0} 
Execute       ap_part_info -name xc7z020-clg484-1 -data info 
Execute       config_chip_info -quiet -speed slow 
Execute     add_library xilinx/zynq/zynq_fpv6 
Execute       get_default_platform 
Execute     ap_part_info -name xc7z020-clg484-1 -data info 
Execute     get_default_platform 
Command   set_part done; 0.106 sec.
Execute   create_clock -period 10 -name default 
Execute   set_clock_uncertainty 1.25 
Execute   csynth_design 
Execute     get_config_compile -dump_cfg 
Execute     get_config_compile -effort 
Execute     get_config_compile -enable_clang39 
Execute     get_config_compile -g 
Execute     get_config_compile -ng 
Execute     get_config_compile -opt_fp 
Execute     get_config_compile -skip_cdt 
Execute     get_config_compile -skip_syncheck 
Execute     get_config_compile -skip_transform 
Execute     get_config_compile -keep_printf 
Execute     elaborate -effort=medium -skip_syncheck=0 -keep_printf=0 -skip_cdt=0 -skip_transform=0 -ng=0 -g=0 -opt_fp=0 -from_csynth_design=1 
Execute       get_config_schedule -relax_ii_for_timing 
INFO: [SCHED 204-61] Option 'relax_ii_for_timing' is enabled, will increase II to preserve clock frequency constraints.
Execute       get_config_schedule -suppress_dependence_error_break 
INFO: [HLS 200-10] Analyzing design file 'sha256/main.c' ... 
INFO-FLOW: Compiling one TU...
Execute       is_m_axi_addr64 
INFO-FLOW: Handling sha256/main.c as C
Execute       ap_part_info -name xc7z020-clg484-1 -data info 
Execute       is_encrypted sha256/main.c 
INFO-FLOW: Running: GCC PP
INFO-FLOW: Source preprocessing
Execute       clang  -fno-limit-debug-info -gcc-toolchain "D:/Xilinx/Vivado/2019.1/msys" -hls  -fno-exceptions  -D__llvm__  -E "sha256/main.c"     -fno-math-errno -c -emit-llvm -O0  -mllvm -disable-llvm-optzns -std=gnu89   -DAESL_SYN -D__SYNTHESIS__ -D__HLS_SYN__ -I "D:/Xilinx/Vivado/2019.1/common/technology/autopilot" -I "D:/Xilinx/Vivado/2019.1/common/technology/autopilot/ap_sysc" -include etc/autopilot_ssdm_op.h -D__DSP48E1__ -D__cdecl=  -o "D:/Aeld_data/IP_Creation/sha256/solution1/.autopilot/db/main.pp.0.c" 
INFO-FLOW: exec D:/Xilinx/Vivado/2019.1/win64/tools/clang/bin/clang -fno-limit-debug-info -gcc-toolchain D:/Xilinx/Vivado/2019.1/msys -hls -fno-exceptions -D__llvm__ -E sha256/main.c -fno-math-errno -c -emit-llvm -O0 -mllvm -disable-llvm-optzns -std=gnu89 -DAESL_SYN -D__SYNTHESIS__ -D__HLS_SYN__ -I D:/Xilinx/Vivado/2019.1/common/technology/autopilot -I D:/Xilinx/Vivado/2019.1/common/technology/autopilot/ap_sysc -include etc/autopilot_ssdm_op.h -D__DSP48E1__ -D__cdecl= -o D:/Aeld_data/IP_Creation/sha256/solution1/.autopilot/db/main.pp.0.c
Command       clang done; 1.221 sec.
Execute       tidy_31 xilinx-xfmat-array-geometry D:/Aeld_data/IP_Creation/sha256/solution1/.autopilot/db/main.pp.0.c std=gnu89 
INFO-FLOW: exec D:/Xilinx/Vivado/2019.1/win64/tools/clang-3.9-csynth/bin/tidy-3.1 -header-filter=.* -checks=-*,xilinx-xfmat-array-geometry -quiet -fix D:/Aeld_data/IP_Creation/sha256/solution1/.autopilot/db/main.pp.0.c -- -std=gnu89 -fhls -ferror-limit=0
Command       tidy_31 done; 0.104 sec.
INFO-FLOW: Syntax Checking before pre-processing...
Execute       clang -syntaxcheck -src D:/Aeld_data/IP_Creation/sha256/solution1/.autopilot/db/main.pp.0.c  -fno-limit-debug-info -gcc-toolchain "D:/Xilinx/Vivado/2019.1/msys" -hls    -fno-math-errno -c -emit-llvm -O0  -mllvm -disable-llvm-optzns -std=gnu89   -DAESL_SYN -D__SYNTHESIS__ -D__HLS_SYN__ -I "D:/Xilinx/Vivado/2019.1/common/technology/autopilot" -I "D:/Xilinx/Vivado/2019.1/common/technology/autopilot/ap_sysc" -include etc/autopilot_ssdm_op.h -D__DSP48E1__ -D__cdecl=  "D:/Aeld_data/IP_Creation/sha256/solution1/.autopilot/db/main.pp.0.c"  -o "D:/Aeld_data/IP_Creation/sha256/solution1/.autopilot/db/useless.bc"  
INFO-FLOW: exec D:/Xilinx/Vivado/2019.1/win64/tools/clang/bin/clang -fno-limit-debug-info -gcc-toolchain D:/Xilinx/Vivado/2019.1/msys -hls -fno-math-errno -c -emit-llvm -O0 -mllvm -disable-llvm-optzns -std=gnu89 -DAESL_SYN -D__SYNTHESIS__ -D__HLS_SYN__ -I D:/Xilinx/Vivado/2019.1/common/technology/autopilot -I D:/Xilinx/Vivado/2019.1/common/technology/autopilot/ap_sysc -include etc/autopilot_ssdm_op.h -D__DSP48E1__ -D__cdecl= D:/Aeld_data/IP_Creation/sha256/solution1/.autopilot/db/main.pp.0.c -o D:/Aeld_data/IP_Creation/sha256/solution1/.autopilot/db/useless.bc
Command       clang done; 1.247 sec.
INFO-FLOW: Done: GCC PP time: 2.6 seconds per iteration
Execute       source D:/Xilinx/Vivado/2019.1/tps/tcl/tcllib1.11.1/yaml/huddle.tcl 
Execute       source D:/Xilinx/Vivado/2019.1/tps/tcl/tcllib1.11.1/yaml/json2huddle.tcl 
Execute         source D:/Xilinx/Vivado/2019.1/tps/tcl/tcllib1.11.1/try/try.tcl 
Execute       list_core -type functional_unit 
Execute       tidy_31 xilinx-systemc-detector D:/Aeld_data/IP_Creation/sha256/solution1/.autopilot/db/main.pp.0.c std=gnu89 -directive=D:/Aeld_data/IP_Creation/sha256/solution1/.autopilot/db/.systemc_flag 
INFO-FLOW: exec D:/Xilinx/Vivado/2019.1/win64/tools/clang-3.9-csynth/bin/tidy-3.1 -header-filter=.* -checks=-*,xilinx-systemc-detector -import-directive=D:/Aeld_data/IP_Creation/sha256/solution1/.autopilot/db/.systemc_flag -quiet -fix-errors D:/Aeld_data/IP_Creation/sha256/solution1/.autopilot/db/main.pp.0.c -- -std=gnu89 -fhls -ferror-limit=0
INFO-FLOW: Running: tidy-3.1 CDT preprocess
Execute       tidy_31 xilinx-directive2pragma D:/Aeld_data/IP_Creation/sha256/solution1/.autopilot/db/main.pp.0.c std=gnu89 -directive=D:/Aeld_data/IP_Creation/sha256/solution1/.autopilot/db/all.directive.json 
INFO-FLOW: exec D:/Xilinx/Vivado/2019.1/win64/tools/clang-3.9-csynth/bin/tidy-3.1 -header-filter=.* -checks=-*,xilinx-directive2pragma -import-directive=D:/Aeld_data/IP_Creation/sha256/solution1/.autopilot/db/all.directive.json -quiet -fix-errors D:/Aeld_data/IP_Creation/sha256/solution1/.autopilot/db/main.pp.0.c -- -std=gnu89 -fhls -ferror-limit=0
Execute       get_config_dataflow -strict_mode 
Execute       ap_eval exec -ignorestderr D:/Xilinx/Vivado/2019.1/win64/tools/clang-3.9-csynth/bin/xilinx-dataflow-lawyer -export-fixes=D:/Aeld_data/IP_Creation/sha256/solution1/.autopilot/db/xilinx-dataflow-lawyer.main.pp.0.c.diag.yml D:/Aeld_data/IP_Creation/sha256/solution1/.autopilot/db/main.pp.0.c -- -std=gnu99 -fhls -ferror-limit=0 -fstrict-dataflow > D:/Aeld_data/IP_Creation/sha256/solution1/.autopilot/db/xilinx-dataflow-lawyer.main.pp.0.c.out.log 2> D:/Aeld_data/IP_Creation/sha256/solution1/.autopilot/db/xilinx-dataflow-lawyer.main.pp.0.c.err.log 
Command       ap_eval done; 0.134 sec.
Execute       tidy_31 -errorcheck xilinx-constantarray-param,xilinx-resource-pragma-transformer,xilinx-xfmat-array-geometry D:/Aeld_data/IP_Creation/sha256/solution1/.autopilot/db/main.pp.0.c std=gnu89 
Execute         ap_eval exec -ignorestderr D:/Xilinx/Vivado/2019.1/win64/tools/clang-3.9-csynth/bin/tidy-3.1 -export-fixes=D:/Aeld_data/IP_Creation/sha256/solution1/.autopilot/db/tidy-3.1.main.pp.0.c.diag.yml -header-filter=.* -checks=-*,xilinx-constantarray-param,xilinx-resource-pragma-transformer,xilinx-xfmat-array-geometry -quiet -fix-errors D:/Aeld_data/IP_Creation/sha256/solution1/.autopilot/db/main.pp.0.c -- -std=gnu89 -fhls -ferror-limit=0 > D:/Aeld_data/IP_Creation/sha256/solution1/.autopilot/db/tidy-3.1.main.pp.0.c.out.log 2> D:/Aeld_data/IP_Creation/sha256/solution1/.autopilot/db/tidy-3.1.main.pp.0.c.err.log 
Command         ap_eval done; 0.168 sec.
Execute         ap_eval exec -ignorestderr D:/Xilinx/Vivado/2019.1/win64/tools/clang-3.9-csynth/bin/xilinx-legacy-rewriter D:/Aeld_data/IP_Creation/sha256/solution1/.autopilot/db/main.pp.0.c -- -std=gnu89 -fhls -ferror-limit=0 > D:/Aeld_data/IP_Creation/sha256/solution1/.autopilot/db/xilinx-legacy-rewriter.main.pp.0.c.out.log 2> D:/Aeld_data/IP_Creation/sha256/solution1/.autopilot/db/xilinx-legacy-rewriter.main.pp.0.c.err.log 
Command         ap_eval done; 0.134 sec.
Command       tidy_31 done; 0.309 sec.
INFO-FLOW: Done: tidy-3.1 CDT preprocess time: 0.5 seconds per iteration
INFO-FLOW: Pragma Handling...
Execute       tidy_31 xilinx-ssdm-intrinsics-arguments D:/Aeld_data/IP_Creation/sha256/solution1/.autopilot/db/main.pragma.1.c std=gnu89 
INFO-FLOW: exec D:/Xilinx/Vivado/2019.1/win64/tools/clang-3.9-csynth/bin/tidy-3.1 -header-filter=.* -checks=-*,xilinx-ssdm-intrinsics-arguments -quiet -fix-errors D:/Aeld_data/IP_Creation/sha256/solution1/.autopilot/db/main.pragma.1.c -- -std=gnu89 -fhls -ferror-limit=0
Command       tidy_31 done; 0.146 sec.
Execute       ap_part_info -name xc7z020-clg484-1 -data info 
INFO-FLOW: Processing labels
Execute       clang -src D:/Aeld_data/IP_Creation/sha256/solution1/.autopilot/db/main.pragma.2.c  -fno-limit-debug-info -gcc-toolchain D:/Xilinx/Vivado/2019.1/msys -hls -hls-analyze-label -hls-analyze-pragma -fno-exceptions  -D__llvm__  -w  "D:/Aeld_data/IP_Creation/sha256/solution1/.autopilot/db/main.pragma.2.c"    -fno-math-errno -c -emit-llvm -O0  -mllvm -disable-llvm-optzns -std=gnu89  -DAESL_SYN -D__SYNTHESIS__ -D__HLS_SYN__ -I "D:/Xilinx/Vivado/2019.1/common/technology/autopilot" -I "D:/Xilinx/Vivado/2019.1/common/technology/autopilot/ap_sysc" -include etc/autopilot_ssdm_op.h -D__DSP48E1__ -g -o "D:/Aeld_data/IP_Creation/sha256/solution1/.autopilot/db/main.bc" 
INFO-FLOW: exec D:/Xilinx/Vivado/2019.1/win64/tools/clang/bin/clang -fno-limit-debug-info -gcc-toolchain D:/Xilinx/Vivado/2019.1/msys -hls -hls-analyze-label -hls-analyze-pragma -fno-exceptions -D__llvm__ -w D:/Aeld_data/IP_Creation/sha256/solution1/.autopilot/db/main.pragma.2.c -fno-math-errno -c -emit-llvm -O0 -mllvm -disable-llvm-optzns -std=gnu89 -DAESL_SYN -D__SYNTHESIS__ -D__HLS_SYN__ -I D:/Xilinx/Vivado/2019.1/common/technology/autopilot -I D:/Xilinx/Vivado/2019.1/common/technology/autopilot/ap_sysc -include etc/autopilot_ssdm_op.h -D__DSP48E1__ -g -o D:/Aeld_data/IP_Creation/sha256/solution1/.autopilot/db/main.bc
Command       clang done; 1.273 sec.
INFO-FLOW: Linking Debug ...
Execute       llvm-ld D:/Aeld_data/IP_Creation/sha256/solution1/.autopilot/db/main.g.bc -hls-opt -except-internalize main_fn -LD:/Xilinx/Vivado/2019.1/win64/lib -lhlsm -lhlsmc++ -o D:/Aeld_data/IP_Creation/sha256/solution1/.autopilot/db/a.g 
Command       llvm-ld done; 1.188 sec.
INFO: [HLS 200-111] Finished Linking Time (s): cpu = 00:00:01 ; elapsed = 00:00:07 . Memory (MB): peak = 185.215 ; gain = 93.473
INFO: [HLS 200-111] Finished Checking Pragmas Time (s): cpu = 00:00:01 ; elapsed = 00:00:07 . Memory (MB): peak = 185.215 ; gain = 93.473
Execute       get_config_sdx -target 
Execute       opt_and_import_c a -opt_level=2 -skip_syncheck=0 -ng=0 -keep_printf=0 
Execute         cleanup_all_models 
INFO: [HLS 200-10] Starting code transformations ...
Execute         transform -promote-dbg-pointer D:/Aeld_data/IP_Creation/sha256/solution1/.autopilot/db/a.pp.bc -o D:/Aeld_data/IP_Creation/sha256/solution1/.autopilot/db/a.pp.0.bc -f 
Execute         llvm-ld D:/Aeld_data/IP_Creation/sha256/solution1/.autopilot/db/a.pp.0.bc -disable-opt -LD:/Xilinx/Vivado/2019.1/win64/lib -lfloatconversion -o D:/Aeld_data/IP_Creation/sha256/solution1/.autopilot/db/a.g.0 
Command         llvm-ld done; 0.623 sec.
INFO-FLOW: Running Standard Transforms...
Execute         transform -hls -share-std-xform -demangle-name -inline-byval-memcpy -always-inline -promote-dbg-pointer -interface-preproc -mem2reg -scalarrepl -mem2reg -keep-read-access -instcombine -dce -promote-dbg-pointer -bitop-raise -loop-simplify -indvarspre -indvars -loop-simplify -xunroll -constprop -instcombine -simplifycfg -indvars -simplifycfg -dce -globaldce -basicaa -simplifycfg -mem2reg -globalopt -global-constprop -deadargelim -instcombine -simplifycfg -prune-eh -simplifycfg -scalarrepl -instcombine -reassociate -licm -simplifycfg -loop-simplify -indvars -instcombine -simplifycfg -mem2reg -loop-simplify -indvars -instcombine -gvn -gvn -instcombine -adce -break-crit-edges -simplifycfg -loop-delete -global-array-opt -dce -dse -adce -find-syn-modules -top main_fn -deadargelim -mem2reg -instcombine -dce -presyn-prepare -auto-rom-infer -interface-preproc -syn-check -check-rec-only -find-region -simplifycfg -func-extr -function-inline -globaldce -mem2reg -instcombine -dce -gvn -globaldce -adce -adse -constprop -instcombine -bit-constprop -instcombine -dce -simplifycfg -bitop-raise -simplifycfg -dce -loop-delete -reassociate -globalopt -global-privatize -mem2reg -dce -global-constprop -pointer-simplify -constprop -dce -func-inst -deadargelim -auto-shift-reg-idiom -promote-dbg-pointer -norm-name D:/Aeld_data/IP_Creation/sha256/solution1/.autopilot/db/a.g.0.bc -o D:/Aeld_data/IP_Creation/sha256/solution1/.autopilot/db/a.g.1.bc -f -phase std-opt 
INFO: [HLS 200-111] Finished Standard Transforms Time (s): cpu = 00:00:01 ; elapsed = 00:00:08 . Memory (MB): peak = 185.215 ; gain = 93.473
INFO: [HLS 200-10] Checking synthesizability ...
INFO-FLOW: Checking Synthesizability 1/2..
Execute         transform -hls -syn-check -check-rec-only -disaggr -scalarrepl -norm-name -dce -mem2reg -instcombine -function-uniquify -directive-preproc -mem2reg -dse -dce -auto-rom-infer -dce -pag -array-normalize -instcombine -dce -warn-fifo-pointer -array-seg-normalize -instcombine -dce -array-flatten -instcombine -dce -array-burst -dce -deadargelim -promote-global-argument -simplifycfg -mem2reg -globaldce -dce -deadargelim -dce -instcombine -function-inline -globaldce -dce -doublePtrSimplify -doublePtrElim -dce -doublePtrSimplify -promote-dbg-pointer -dce -scalarrepl -dse -adse -instcombine -ptrLegalization -simplifycfg -dce -instcombine -pointer-simplify -ptrArgReplace -dce -instcombine -resolve-double-ptr -disaggr -scalarrepl -norm-name -dce -mem2reg -instcombine -ptrLegalization -simplifycfg -deadargelim -instcombine -dce -inst-simplify -function-uniquify -directive-preproc -mem2reg -dse -dce -globaldce -check-dspbuiltin D:/Aeld_data/IP_Creation/sha256/solution1/.autopilot/db/a.g.1.bc -o D:/Aeld_data/IP_Creation/sha256/solution1/.autopilot/db/a.g.2.prechk.bc -f 
INFO: [XFORM 203-602] Inlining function 'sha256_init' into 'main_fn' (sha256/main.c:128) automatically.
INFO-FLOW: Checking Synthesizability 2/2..
Execute         transform -syn-check D:/Aeld_data/IP_Creation/sha256/solution1/.autopilot/db/a.g.2.prechk.bc -o D:/Aeld_data/IP_Creation/sha256/solution1/.autopilot/db/a.g.2.bc -f -phase syn-check 
INFO: [HLS 200-111] Finished Checking Synthesizability Time (s): cpu = 00:00:01 ; elapsed = 00:00:08 . Memory (MB): peak = 185.215 ; gain = 93.473
INFO-FLOW: Compiler optimizing ...
INFO-FLOW: Share syncheck's 1.bc for syn flow: copy D:/Aeld_data/IP_Creation/sha256/solution1/.autopilot/db/a.g.1.bc to D:/Aeld_data/IP_Creation/sha256/solution1/.autopilot/db/a.o.1.bc
INFO-FLOW: Presyn 1...
Execute         transform -hls -tmp D:/Aeld_data/IP_Creation/sha256/solution1/.autopilot/db -interface-port-rename -type-info -function-uniquify -directive-preproc -mem2reg -dse -dce -disaggr -scalarrepl -norm-name -deadargelim -mem2reg -instcombine -dce -simplifycfg -auto-rom-infer -dce -function-uniquify -resource-proc -clib-intrinsic-prepare -dce -func-buffer -dce -pag -array-normalize -func-legal -instcombine -gvn -constprop -dce -simplifycfg -mem2reg -globaldce -resolve-double-ptr -dce -deadargelim -dce -instcombine -ptrArgReplace -mem2reg -dce -array-seg-normalize -deadargelim -instcombine -dce -pointer-simplify -dce -port-alignment -dce -interface-preproc -data-pack -instcombine -dce -basicaa -aggr-aa -aggrmodref-aa -aggr-aa -gvn -gvn -basicaa -aggr-aa -aggrmodref-aa -aggr-aa -dse -adse -adce -loop-simplify -indvars -instcombine -gvn -loop-simplify -mem2reg -dce -find-region -instcombine -auto-loop-pipeline -inst-simplify -interface-preproc -cfgopt -instcombine -indvars -auto-loop-unroll -loop-simplify -loop-bound -xunroll -constprop -instcombine -simplifycfg -indvars -simplifycfg -dce -globaldce -clean-region -attach-range -gvn -inst-simplify -constprop -simplifycfg -dce -pointer-simplify -dce -globalopt -constprop -dce -array-promote -constprop -dce -ptrArgReplace -mem2reg -simplifycfg -dce -auto-par -instcombine -dce -array-transform-check -array-reshape -instcombine -simplifycfg -dce -ptrArgReplace -deadargelim -mem2reg -instcombine -simplifycfg -dce -indvars -loop-simplify -loop-bound -xunroll -constprop -instcombine -simplifycfg -indvars -simplifycfg -dce -globaldce -basicaa -aggr-aa -aggrmodref-aa -aggr-aa -dse -duplicate-dataflow-processes -globaldce -instcombine -array-partition -instcombine -simplifycfg -dce -ptrArgReplace -global-constprop -deadargelim -mem2reg -func-legal -dce -global-constprop -deadargelim -mem2reg -simplifycfg -dce -merge-param -deadargelim -globalopt -constprop -dce -array-promote -constprop -dce -ptrArgReplace -mem2reg -simplifycfg -dce -mem-intrinsic-preproc -dce -global-internalize -global-privatize -mem2reg -globaldce -promote-global-argument -ptrArgReplace -mem2reg -dce -globalopt -mergereturn -simplify-global-access -mem2reg -dce -pointer-simplify -dce -functionattrs -basicaa -aggr-aa -aggrmodref-aa -aggr-aa -gvn -gvn -basicaa -aggr-aa -aggrmodref-aa -aggr-aa -dse -adse -adce -dce -norm-name -function-inline -complex-op-raise -inst-simplify -globaldce -func-inst -constprop -instcombine -simplifycfg -dce -func-legal -dce -loop-bound -arraycheck -bitwidthmin -on-by-dataflow -loop-delete -instcombine -simplifycfg -globaldce -dce -gvn -deadargelim -dce -loop-simplify -clean-region -simplifycfg -propagate-stable-arguments -loop-stream -instcombine -simplifycfg -dce -globaldce -duplicate-dataflow-processes -stream-intrinsic-preproc -dce -check-ap-stream -loop-simplify -eliminate-keepreads -extract-dataflow-in-loop -loop-simplify -dce -gvn -deadargelim -dse -check-dataflow-syntax -legalize-stream-variable -legalize-global -extract-subproc -dce -dead-channel-elimination -canonicalize-gep -globaldce -dce -gvn -deadargelim -annotate-dataflow-channels -scalar-propagation -deadargelim -globaldce -mem2reg -check-dataflow-channels -function-stream -dce -globaldce -prop-fifo-spec -internal-stream-gen -canonicalize-gep -globaldce -dce -gvn -deadargelim -mergereturn -indvars -loop-simplify -instcombine -array-stream -array-seg-normalize -array-partition -func-legal -instcombine -simplifycfg -dce -bundle-memfifo-ops -deadargelim -function-uniquify -directive-preproc -mem2reg -dse -dce -group-axi-access -licm -simplifycfg -dce -loop-delete -norm-name D:/Aeld_data/IP_Creation/sha256/solution1/.autopilot/db/a.o.1.bc -o D:/Aeld_data/IP_Creation/sha256/solution1/.autopilot/db/a.o.1.tmp.bc -f 
INFO: [XFORM 203-102] Partitioning array 'ctx.state' (sha256/main.c:126) automatically.
Command         transform done; 0.224 sec.
INFO-FLOW: Presyn 2...
Execute         transform -hls -keep-callgraph -scalarrepl -mem2reg -port-alignment -attach-range -dce -pipe-mux-gen -indvars -loop-bound -inst-simplify -instcombine -dce -merge-array-access -mem2reg -dce -clean-region -mergereturn -if-conv -instcombine -dce -constprop -basicaa -aggr-aa -aggrmodref-aa -aggr-aa -gvn -gvn -basicaa -aggr-aa -aggrmodref-aa -aggr-aa -dse -adse -adce -scalarrepl -mem2reg -global-constprop -deadargelim -deadargelim -instcombine -dce -simplifycfg -ptrArgReplace -mem2reg -function-inline -globaldce -mem2reg -instcombine -dce -expr-balance -instcombine -dce -bitwidthmin -interface-preproc -directive-preproc -inst-rectify -instcombine -dce -functionattrs -constprop -instcombine -bit-constprop -simplify-global-access -globalopt -globaldce -inst-simplify -instcombine -elimdeaddata -dce -loop-delete -simplifycfg -loop-simplify -auto-burst -norm-name D:/Aeld_data/IP_Creation/sha256/solution1/.autopilot/db/a.o.1.tmp.bc -o D:/Aeld_data/IP_Creation/sha256/solution1/.autopilot/db/a.o.2.bc -f -phase presyn 
INFO: [XFORM 203-11] Balancing expressions in function 'sha256_transform' (sha256/main.c:2)...10 expression(s) balanced.
Command         transform done; 0.122 sec.
INFO: [HLS 200-111] Finished Pre-synthesis Time (s): cpu = 00:00:01 ; elapsed = 00:00:09 . Memory (MB): peak = 185.215 ; gain = 93.473
INFO-FLOW: Building ssdm...
Execute         transform -hls -function-uniquify -auto-function-inline -globaldce -ptrArgReplace -mem2reg -dce -reset-lda -loop-simplify -indvars -licm -loop-dep -loop-bound -licm -loop-simplify -flattenloopnest -array-flatten -gvn -instcombine -dce -array-map -dce -func-legal -gvn -adce -instcombine -cfgopt -simplifycfg -loop-simplify -array-burst -promote-global-argument -dce -ptrLegalization -axi4-lower -array-seg-normalize -basicaa -aggrmodref-aa -globalsmodref-aa -aggr-aa -gvn -gvn -basicaa -aggrmodref-aa -globalsmodref-aa -aggr-aa -dse -adse -adce -licm -inst-simplify -dce -globaldce -instcombine -array-stream -eliminate-keepreads -instcombine -dce -deadargelim -doublePtrSimplify -doublePtrElim -dce -doublePtrSimplify -promote-dbg-pointer -dce -scalarrepl -mem2reg -disaggr -norm-name -mem2reg -instcombine -dse -adse -adce -ptrLegalization -dce -auto-rom-infer -array-flatten -dce -instcombine -check-doubleptr -loop-rot -constprop -cfgopt -simplifycfg -loop-simplify -indvars -pointer-simplify -dce -loop-bound -loop-simplify -loop-preproc -constprop -global-constprop -gvn -mem2reg -instcombine -dce -loop-bound -loop-merge -dce -bitwidthmin -deadargelim -dce -canonicalize-dataflow -dce -scalar-propagation -deadargelim -globaldce -mem2reg -read-loop-dep -interface-preproc -directive-preproc -interface-gen -bram-byte-enable -deadargelim -inst-simplify -dce -gvn -mem2reg -instcombine -dce -adse -loop-bound -instcombine -cfgopt -simplifycfg -loop-simplify -clean-region -io-protocol -find-region -mem2reg -bitop-raise -complex-op-raise -inst-simplify -inst-rectify -instcombine -adce -deadargelim -loop-simplify -phi-opt -bitop-raise -cfgopt -simplifycfg -strip-dead-prototypes -interface-lower -bitop-lower -intrinsic-lower -auto-function-inline -basicaa -aggrmodref-aa -globalsmodref-aa -aggr-aa -inst-simplify -simplifycfg -loop-simplify -mergereturn -inst-simplify -inst-rectify -dce -load-elim -bitop-lower -loop-rewind -pointer-simplify -dce -cfgopt -dce -loop-bound -loop-dep -read-loop-dep -dce -check-stream -norm-name -legalize -validate-dataflow -inst-clarity -bitwidth -dump-loop-dep-to-ir -check-all-ssdm -cdfg-build D:/Aeld_data/IP_Creation/sha256/solution1/.autopilot/db/a.o.2.bc -o D:/Aeld_data/IP_Creation/sha256/solution1/.autopilot/db/a.o.3.bc -f -phase build-ssdm 
WARNING: [HLS 200-466] Port 'output'() has different latency/depth on the same m_axi bundle:'gmem'
WARNING: [XFORM 203-631] Renaming function 'calculateStringLength' to 'calculateStringLengt' (sha256/main.c:115:5)
INFO: [HLS 200-444] Inferring multiple bus burst read of variable length on port 'data' (sha256/main.c:63:9). These data requests might be further partitioned to multiple requests during RTL generation, based on max_read_burst_length or max_write_burst_length settings.
Command         transform done; 0.943 sec.
INFO: [HLS 200-111] Finished Architecture Synthesis Time (s): cpu = 00:00:02 ; elapsed = 00:00:10 . Memory (MB): peak = 192.277 ; gain = 100.535
INFO-FLOW: Finish building internal data model.
Command       opt_and_import_c done; 2.152 sec.
Command     elaborate done; 8.036 sec.
Execute     autosyn -from_csynth_design=1 
INFO: [HLS 200-10] Starting hardware synthesis ...
INFO-FLOW: Synthesizing C/C++ design ...
INFO: [HLS 200-10] Synthesizing 'main_fn' ...
Execute       ap_set_top_model main_fn 
Execute       get_model_list main_fn -filter all-wo-channel -topdown 
Execute       preproc_iomode -model main_fn 
Execute       preproc_iomode -model sha256_final 
Execute       preproc_iomode -model sha256_update 
Execute       preproc_iomode -model sha256_transform 
Execute       preproc_iomode -model calculateStringLengt 
Execute       get_model_list main_fn -filter all-wo-channel 
INFO-FLOW: Model list for configure: calculateStringLengt sha256_transform sha256_update sha256_final main_fn
INFO-FLOW: Configuring Module : calculateStringLengt ...
Execute       set_default_model calculateStringLengt 
Execute       apply_spec_resource_limit calculateStringLengt 
INFO-FLOW: Configuring Module : sha256_transform ...
Execute       set_default_model sha256_transform 
Execute       apply_spec_resource_limit sha256_transform 
INFO-FLOW: Configuring Module : sha256_update ...
Execute       set_default_model sha256_update 
Execute       apply_spec_resource_limit sha256_update 
INFO-FLOW: Configuring Module : sha256_final ...
Execute       set_default_model sha256_final 
Execute       apply_spec_resource_limit sha256_final 
INFO-FLOW: Configuring Module : main_fn ...
Execute       set_default_model main_fn 
Execute       apply_spec_resource_limit main_fn 
INFO-FLOW: Model list for preprocess: calculateStringLengt sha256_transform sha256_update sha256_final main_fn
INFO-FLOW: Preprocessing Module: calculateStringLengt ...
Execute       set_default_model calculateStringLengt 
Execute       cdfg_preprocess -model calculateStringLengt 
Execute       rtl_gen_preprocess calculateStringLengt 
INFO-FLOW: Preprocessing Module: sha256_transform ...
Execute       set_default_model sha256_transform 
Execute       cdfg_preprocess -model sha256_transform 
Execute       rtl_gen_preprocess sha256_transform 
INFO-FLOW: Preprocessing Module: sha256_update ...
Execute       set_default_model sha256_update 
Execute       cdfg_preprocess -model sha256_update 
Execute       rtl_gen_preprocess sha256_update 
INFO-FLOW: Preprocessing Module: sha256_final ...
Execute       set_default_model sha256_final 
Execute       cdfg_preprocess -model sha256_final 
Execute       rtl_gen_preprocess sha256_final 
INFO-FLOW: Preprocessing Module: main_fn ...
Execute       set_default_model main_fn 
Execute       cdfg_preprocess -model main_fn 
Execute       rtl_gen_preprocess main_fn 
WARNING: [SYN 201-107] Renaming port name 'main_fn/input' to 'main_fn/input_r' to avoid the conflict with HDL keywords or other object names.
WARNING: [SYN 201-107] Renaming port name 'main_fn/output' to 'main_fn/output_r' to avoid the conflict with HDL keywords or other object names.
INFO-FLOW: Model list for synthesis: calculateStringLengt sha256_transform sha256_update sha256_final main_fn
INFO: [HLS 200-10] ----------------------------------------------------------------
INFO: [HLS 200-42] -- Implementing module 'calculateStringLengt' 
INFO: [HLS 200-10] ----------------------------------------------------------------
Execute       set_default_model calculateStringLengt 
Execute       schedule -model calculateStringLengt 
INFO: [SCHED 204-11] Starting scheduling ...
INFO: [SCHED 204-11] Finished scheduling.
INFO: [HLS 200-111]  Elapsed time: 9.8 seconds; current allocated memory: 142.045 MB.
Execute       syn_report -verbosereport -o D:/Aeld_data/IP_Creation/sha256/solution1/.autopilot/db/calculateStringLengt.verbose.sched.rpt 
INFO: [HLS 200-434] Only 0 loops out of a total 1 loops have been pipelined in this design.
Execute       db_write -o D:/Aeld_data/IP_Creation/sha256/solution1/.autopilot/db/calculateStringLengt.sched.adb -f 
INFO-FLOW: Finish scheduling calculateStringLengt.
Execute       set_default_model calculateStringLengt 
Execute       bind -model calculateStringLengt 
BIND OPTION: model=calculateStringLengt
INFO: [BIND 205-100] Starting micro-architecture generation ...
INFO: [BIND 205-101] Performing variable lifetime analysis.
INFO: [BIND 205-101] Exploring resource sharing.
INFO: [BIND 205-101] Binding ...
INFO: [BIND 205-100] Finished micro-architecture generation.
INFO: [HLS 200-111]  Elapsed time: 0.176 seconds; current allocated memory: 142.139 MB.
Execute       syn_report -verbosereport -o D:/Aeld_data/IP_Creation/sha256/solution1/.autopilot/db/calculateStringLengt.verbose.bind.rpt 
Execute       db_write -o D:/Aeld_data/IP_Creation/sha256/solution1/.autopilot/db/calculateStringLengt.bind.adb -f 
INFO-FLOW: Finish binding calculateStringLengt.
INFO: [HLS 200-10] ----------------------------------------------------------------
INFO: [HLS 200-42] -- Implementing module 'sha256_transform' 
INFO: [HLS 200-10] ----------------------------------------------------------------
Execute       set_default_model sha256_transform 
Execute       schedule -model sha256_transform 
INFO: [SCHED 204-11] Starting scheduling ...
INFO: [SCHED 204-11] Finished scheduling.
Command       schedule done; 0.133 sec.
INFO: [HLS 200-111]  Elapsed time: 0.214 seconds; current allocated memory: 142.660 MB.
Execute       syn_report -verbosereport -o D:/Aeld_data/IP_Creation/sha256/solution1/.autopilot/db/sha256_transform.verbose.sched.rpt 
Execute       db_write -o D:/Aeld_data/IP_Creation/sha256/solution1/.autopilot/db/sha256_transform.sched.adb -f 
INFO-FLOW: Finish scheduling sha256_transform.
Execute       set_default_model sha256_transform 
Execute       bind -model sha256_transform 
BIND OPTION: model=sha256_transform
INFO: [BIND 205-100] Starting micro-architecture generation ...
INFO: [BIND 205-101] Performing variable lifetime analysis.
INFO: [BIND 205-101] Exploring resource sharing.
INFO: [BIND 205-101] Binding ...
INFO: [BIND 205-100] Finished micro-architecture generation.
INFO: [HLS 200-111]  Elapsed time: 0.233 seconds; current allocated memory: 143.178 MB.
Execute       syn_report -verbosereport -o D:/Aeld_data/IP_Creation/sha256/solution1/.autopilot/db/sha256_transform.verbose.bind.rpt 
Command       syn_report done; 0.161 sec.
Execute       db_write -o D:/Aeld_data/IP_Creation/sha256/solution1/.autopilot/db/sha256_transform.bind.adb -f 
Command       db_write done; 0.193 sec.
INFO-FLOW: Finish binding sha256_transform.
INFO: [HLS 200-10] ----------------------------------------------------------------
INFO: [HLS 200-42] -- Implementing module 'sha256_update' 
INFO: [HLS 200-10] ----------------------------------------------------------------
Execute       set_default_model sha256_update 
Execute       schedule -model sha256_update 
INFO: [SCHED 204-11] Starting scheduling ...
INFO: [SCHED 204-11] Finished scheduling.
INFO: [HLS 200-111]  Elapsed time: 0.518 seconds; current allocated memory: 143.426 MB.
Execute       syn_report -verbosereport -o D:/Aeld_data/IP_Creation/sha256/solution1/.autopilot/db/sha256_update.verbose.sched.rpt 
Execute       db_write -o D:/Aeld_data/IP_Creation/sha256/solution1/.autopilot/db/sha256_update.sched.adb -f 
INFO-FLOW: Finish scheduling sha256_update.
Execute       set_default_model sha256_update 
Execute       bind -model sha256_update 
BIND OPTION: model=sha256_update
INFO: [BIND 205-100] Starting micro-architecture generation ...
INFO: [BIND 205-101] Performing variable lifetime analysis.
INFO: [BIND 205-101] Exploring resource sharing.
INFO: [BIND 205-101] Binding ...
INFO: [BIND 205-100] Finished micro-architecture generation.
INFO: [HLS 200-111]  Elapsed time: 0.148 seconds; current allocated memory: 143.732 MB.
Execute       syn_report -verbosereport -o D:/Aeld_data/IP_Creation/sha256/solution1/.autopilot/db/sha256_update.verbose.bind.rpt 
Execute       db_write -o D:/Aeld_data/IP_Creation/sha256/solution1/.autopilot/db/sha256_update.bind.adb -f 
INFO-FLOW: Finish binding sha256_update.
INFO: [HLS 200-10] ----------------------------------------------------------------
INFO: [HLS 200-42] -- Implementing module 'sha256_final' 
INFO: [HLS 200-10] ----------------------------------------------------------------
Execute       set_default_model sha256_final 
Execute       schedule -model sha256_final 
INFO: [SCHED 204-11] Starting scheduling ...
INFO: [SCHED 204-61] Pipelining loop 'Loop 3'.
WARNING: [SCHED 204-69] Unable to schedule bus request on port 'hash' (sha256/main.c:104) due to limited memory ports. Please consider using a memory core with more ports or partitioning the array.
INFO: [SCHED 204-61] Pipelining result : Target II = 1, Final II = 8, Depth = 15.
INFO: [SCHED 204-11] Finished scheduling.
Command       schedule done; 0.278 sec.
INFO: [HLS 200-111]  Elapsed time: 0.453 seconds; current allocated memory: 144.303 MB.
Execute       syn_report -verbosereport -o D:/Aeld_data/IP_Creation/sha256/solution1/.autopilot/db/sha256_final.verbose.sched.rpt 
Command       syn_report done; 0.158 sec.
Execute       db_write -o D:/Aeld_data/IP_Creation/sha256/solution1/.autopilot/db/sha256_final.sched.adb -f 
INFO-FLOW: Finish scheduling sha256_final.
Execute       set_default_model sha256_final 
Execute       bind -model sha256_final 
BIND OPTION: model=sha256_final
INFO: [BIND 205-100] Starting micro-architecture generation ...
INFO: [BIND 205-101] Performing variable lifetime analysis.
INFO: [BIND 205-101] Exploring resource sharing.
INFO: [BIND 205-101] Binding ...
INFO: [BIND 205-100] Finished micro-architecture generation.
Command       bind done; 0.132 sec.
INFO: [HLS 200-111]  Elapsed time: 0.42 seconds; current allocated memory: 145.062 MB.
Execute       syn_report -verbosereport -o D:/Aeld_data/IP_Creation/sha256/solution1/.autopilot/db/sha256_final.verbose.bind.rpt 
Command       syn_report done; 0.389 sec.
Execute       db_write -o D:/Aeld_data/IP_Creation/sha256/solution1/.autopilot/db/sha256_final.bind.adb -f 
INFO-FLOW: Finish binding sha256_final.
INFO: [HLS 200-10] ----------------------------------------------------------------
INFO: [HLS 200-42] -- Implementing module 'main_fn' 
INFO: [HLS 200-10] ----------------------------------------------------------------
Execute       set_default_model main_fn 
Execute       schedule -model main_fn 
INFO: [SCHED 204-11] Starting scheduling ...
INFO: [SCHED 204-11] Finished scheduling.
INFO: [HLS 200-111]  Elapsed time: 0.598 seconds; current allocated memory: 145.179 MB.
Execute       syn_report -verbosereport -o D:/Aeld_data/IP_Creation/sha256/solution1/.autopilot/db/main_fn.verbose.sched.rpt 
Execute       db_write -o D:/Aeld_data/IP_Creation/sha256/solution1/.autopilot/db/main_fn.sched.adb -f 
INFO-FLOW: Finish scheduling main_fn.
Execute       set_default_model main_fn 
Execute       bind -model main_fn 
BIND OPTION: model=main_fn
INFO: [BIND 205-100] Starting micro-architecture generation ...
INFO: [BIND 205-101] Performing variable lifetime analysis.
INFO: [BIND 205-101] Exploring resource sharing.
INFO: [BIND 205-101] Binding ...
INFO: [BIND 205-100] Finished micro-architecture generation.
Command       bind done; 0.218 sec.
INFO: [HLS 200-111]  Elapsed time: 0.259 seconds; current allocated memory: 145.397 MB.
Execute       syn_report -verbosereport -o D:/Aeld_data/IP_Creation/sha256/solution1/.autopilot/db/main_fn.verbose.bind.rpt 
Command       syn_report done; 0.263 sec.
Execute       db_write -o D:/Aeld_data/IP_Creation/sha256/solution1/.autopilot/db/main_fn.bind.adb -f 
INFO-FLOW: Finish binding main_fn.
Execute       get_model_list main_fn -filter all-wo-channel 
INFO-FLOW: Preprocessing for RTLGen ...
Execute       rtl_gen_preprocess calculateStringLengt 
Execute       rtl_gen_preprocess sha256_transform 
Execute       rtl_gen_preprocess sha256_update 
Execute       rtl_gen_preprocess sha256_final 
Execute       rtl_gen_preprocess main_fn 
INFO-FLOW: Model list for RTL generation: calculateStringLengt sha256_transform sha256_update sha256_final main_fn
INFO: [HLS 200-10] ----------------------------------------------------------------
INFO: [HLS 200-10] -- Generating RTL for module 'calculateStringLengt' 
INFO: [HLS 200-10] ----------------------------------------------------------------
Execute       get_config_rtl -module_prefix 
Execute       get_config_rtl -module_auto_prefix 
Execute       create_rtl_model calculateStringLengt -vendor xilinx -mg_file D:/Aeld_data/IP_Creation/sha256/solution1/.autopilot/db/calculateStringLengt.compgen.tcl 
INFO: [RTGEN 206-100] Finished creating RTL model for 'calculateStringLengt'.
INFO: [HLS 200-111]  Elapsed time: 0.365 seconds; current allocated memory: 145.799 MB.
Execute       source D:/Aeld_data/IP_Creation/sha256/solution1/.autopilot/db/main_fn.rtl_wrap.cfg.tcl 
Execute       gen_rtl calculateStringLengt -style xilinx -tracefl mytrace -tracefmt vcd -traceopt all -f -lang sc -o D:/Aeld_data/IP_Creation/sha256/solution1/syn/systemc/calculateStringLengt -synmodules calculateStringLengt sha256_transform sha256_update sha256_final main_fn 
Execute       gen_rtl calculateStringLengt -style xilinx -f -lang vhdl -o D:/Aeld_data/IP_Creation/sha256/solution1/syn/vhdl/calculateStringLengt 
Execute       gen_rtl calculateStringLengt -style xilinx -f -lang vlog -o D:/Aeld_data/IP_Creation/sha256/solution1/syn/verilog/calculateStringLengt 
Execute       syn_report -csynth -model calculateStringLengt -o D:/Aeld_data/IP_Creation/sha256/solution1/syn/report/calculateStringLengt_csynth.rpt 
Execute       syn_report -rtlxml -model calculateStringLengt -o D:/Aeld_data/IP_Creation/sha256/solution1/syn/report/calculateStringLengt_csynth.xml 
Execute       syn_report -verbosereport -model calculateStringLengt -o D:/Aeld_data/IP_Creation/sha256/solution1/.autopilot/db/calculateStringLengt.verbose.rpt 
Execute       db_write -model calculateStringLengt -f -o D:/Aeld_data/IP_Creation/sha256/solution1/.autopilot/db/calculateStringLengt.adb 
Execute       gen_tb_info calculateStringLengt -p D:/Aeld_data/IP_Creation/sha256/solution1/.autopilot/db -o D:/Aeld_data/IP_Creation/sha256/solution1/.autopilot/db/calculateStringLengt 
INFO: [HLS 200-10] ----------------------------------------------------------------
INFO: [HLS 200-10] -- Generating RTL for module 'sha256_transform' 
INFO: [HLS 200-10] ----------------------------------------------------------------
Execute       get_config_rtl -module_prefix 
Execute       get_config_rtl -module_auto_prefix 
Execute       create_rtl_model sha256_transform -vendor xilinx -mg_file D:/Aeld_data/IP_Creation/sha256/solution1/.autopilot/db/sha256_transform.compgen.tcl 
INFO: [RTGEN 206-100] Finished creating RTL model for 'sha256_transform'.
INFO: [HLS 200-111]  Elapsed time: 0.17 seconds; current allocated memory: 146.935 MB.
Execute       source D:/Aeld_data/IP_Creation/sha256/solution1/.autopilot/db/main_fn.rtl_wrap.cfg.tcl 
Execute       gen_rtl sha256_transform -style xilinx -tracefl mytrace -tracefmt vcd -traceopt all -f -lang sc -o D:/Aeld_data/IP_Creation/sha256/solution1/syn/systemc/sha256_transform -synmodules calculateStringLengt sha256_transform sha256_update sha256_final main_fn 
Execute       gen_rtl sha256_transform -style xilinx -f -lang vhdl -o D:/Aeld_data/IP_Creation/sha256/solution1/syn/vhdl/sha256_transform 
Execute       gen_rtl sha256_transform -style xilinx -f -lang vlog -o D:/Aeld_data/IP_Creation/sha256/solution1/syn/verilog/sha256_transform 
Execute       syn_report -csynth -model sha256_transform -o D:/Aeld_data/IP_Creation/sha256/solution1/syn/report/sha256_transform_csynth.rpt 
Execute       syn_report -rtlxml -model sha256_transform -o D:/Aeld_data/IP_Creation/sha256/solution1/syn/report/sha256_transform_csynth.xml 
Execute       syn_report -verbosereport -model sha256_transform -o D:/Aeld_data/IP_Creation/sha256/solution1/.autopilot/db/sha256_transform.verbose.rpt 
Command       syn_report done; 0.12 sec.
Execute       db_write -model sha256_transform -f -o D:/Aeld_data/IP_Creation/sha256/solution1/.autopilot/db/sha256_transform.adb 
Execute       gen_tb_info sha256_transform -p D:/Aeld_data/IP_Creation/sha256/solution1/.autopilot/db -o D:/Aeld_data/IP_Creation/sha256/solution1/.autopilot/db/sha256_transform 
INFO: [HLS 200-10] ----------------------------------------------------------------
INFO: [HLS 200-10] -- Generating RTL for module 'sha256_update' 
INFO: [HLS 200-10] ----------------------------------------------------------------
Execute       get_config_rtl -module_prefix 
Execute       get_config_rtl -module_auto_prefix 
Execute       create_rtl_model sha256_update -vendor xilinx -mg_file D:/Aeld_data/IP_Creation/sha256/solution1/.autopilot/db/sha256_update.compgen.tcl 
INFO: [RTGEN 206-100] Finished creating RTL model for 'sha256_update'.
INFO: [HLS 200-111]  Elapsed time: 0.476 seconds; current allocated memory: 148.073 MB.
Execute       source D:/Aeld_data/IP_Creation/sha256/solution1/.autopilot/db/main_fn.rtl_wrap.cfg.tcl 
Execute       gen_rtl sha256_update -style xilinx -tracefl mytrace -tracefmt vcd -traceopt all -f -lang sc -o D:/Aeld_data/IP_Creation/sha256/solution1/syn/systemc/sha256_update -synmodules calculateStringLengt sha256_transform sha256_update sha256_final main_fn 
Execute       gen_rtl sha256_update -style xilinx -f -lang vhdl -o D:/Aeld_data/IP_Creation/sha256/solution1/syn/vhdl/sha256_update 
Execute       gen_rtl sha256_update -style xilinx -f -lang vlog -o D:/Aeld_data/IP_Creation/sha256/solution1/syn/verilog/sha256_update 
Execute       syn_report -csynth -model sha256_update -o D:/Aeld_data/IP_Creation/sha256/solution1/syn/report/sha256_update_csynth.rpt 
Execute       syn_report -rtlxml -model sha256_update -o D:/Aeld_data/IP_Creation/sha256/solution1/syn/report/sha256_update_csynth.xml 
Execute       syn_report -verbosereport -model sha256_update -o D:/Aeld_data/IP_Creation/sha256/solution1/.autopilot/db/sha256_update.verbose.rpt 
Execute       db_write -model sha256_update -f -o D:/Aeld_data/IP_Creation/sha256/solution1/.autopilot/db/sha256_update.adb 
Execute       gen_tb_info sha256_update -p D:/Aeld_data/IP_Creation/sha256/solution1/.autopilot/db -o D:/Aeld_data/IP_Creation/sha256/solution1/.autopilot/db/sha256_update 
INFO: [HLS 200-10] ----------------------------------------------------------------
INFO: [HLS 200-10] -- Generating RTL for module 'sha256_final' 
INFO: [HLS 200-10] ----------------------------------------------------------------
Execute       get_config_rtl -module_prefix 
Execute       get_config_rtl -module_auto_prefix 
Execute       create_rtl_model sha256_final -vendor xilinx -mg_file D:/Aeld_data/IP_Creation/sha256/solution1/.autopilot/db/sha256_final.compgen.tcl 
INFO: [RTGEN 206-100] Finished creating RTL model for 'sha256_final'.
INFO: [HLS 200-111]  Elapsed time: 0.407 seconds; current allocated memory: 149.683 MB.
Execute       source D:/Aeld_data/IP_Creation/sha256/solution1/.autopilot/db/main_fn.rtl_wrap.cfg.tcl 
Execute       gen_rtl sha256_final -style xilinx -tracefl mytrace -tracefmt vcd -traceopt all -f -lang sc -o D:/Aeld_data/IP_Creation/sha256/solution1/syn/systemc/sha256_final -synmodules calculateStringLengt sha256_transform sha256_update sha256_final main_fn 
Execute       gen_rtl sha256_final -style xilinx -f -lang vhdl -o D:/Aeld_data/IP_Creation/sha256/solution1/syn/vhdl/sha256_final 
Execute       gen_rtl sha256_final -style xilinx -f -lang vlog -o D:/Aeld_data/IP_Creation/sha256/solution1/syn/verilog/sha256_final 
Execute       syn_report -csynth -model sha256_final -o D:/Aeld_data/IP_Creation/sha256/solution1/syn/report/sha256_final_csynth.rpt 
Execute       syn_report -rtlxml -model sha256_final -o D:/Aeld_data/IP_Creation/sha256/solution1/syn/report/sha256_final_csynth.xml 
Execute       syn_report -verbosereport -model sha256_final -o D:/Aeld_data/IP_Creation/sha256/solution1/.autopilot/db/sha256_final.verbose.rpt 
Command       syn_report done; 0.152 sec.
Execute       db_write -model sha256_final -f -o D:/Aeld_data/IP_Creation/sha256/solution1/.autopilot/db/sha256_final.adb 
Command       db_write done; 0.148 sec.
Execute       gen_tb_info sha256_final -p D:/Aeld_data/IP_Creation/sha256/solution1/.autopilot/db -o D:/Aeld_data/IP_Creation/sha256/solution1/.autopilot/db/sha256_final 
INFO: [HLS 200-10] ----------------------------------------------------------------
INFO: [HLS 200-10] -- Generating RTL for module 'main_fn' 
INFO: [HLS 200-10] ----------------------------------------------------------------
Execute       get_config_rtl -module_prefix 
Execute       get_config_rtl -module_auto_prefix 
Execute       create_rtl_model main_fn -vendor xilinx -mg_file D:/Aeld_data/IP_Creation/sha256/solution1/.autopilot/db/main_fn.compgen.tcl 
INFO: [RTGEN 206-500] Setting interface mode on port 'main_fn/gmem' to 'm_axi'.
INFO: [RTGEN 206-500] Setting interface mode on port 'main_fn/input_r' to 's_axilite & ap_none'.
INFO: [RTGEN 206-500] Setting interface mode on port 'main_fn/output_r' to 's_axilite & ap_none'.
INFO: [RTGEN 206-500] Setting interface mode on function 'main_fn' to 's_axilite & ap_ctrl_hs'.
INFO: [RTGEN 206-100] Bundling port 'return', 'input_r' and 'output_r' to AXI-Lite port AXILiteS.
INFO: [RTGEN 206-100] Finished creating RTL model for 'main_fn'.
Command       create_rtl_model done; 0.2 sec.
INFO: [HLS 200-111]  Elapsed time: 0.937 seconds; current allocated memory: 151.240 MB.
Execute       source D:/Aeld_data/IP_Creation/sha256/solution1/.autopilot/db/main_fn.rtl_wrap.cfg.tcl 
Execute       gen_rtl main_fn -istop -style xilinx -tracefl mytrace -tracefmt vcd -traceopt all -f -lang sc -o D:/Aeld_data/IP_Creation/sha256/solution1/syn/systemc/main_fn -synmodules calculateStringLengt sha256_transform sha256_update sha256_final main_fn 
Execute       gen_rtl main_fn -istop -style xilinx -f -lang vhdl -o D:/Aeld_data/IP_Creation/sha256/solution1/syn/vhdl/main_fn 
Execute       gen_rtl main_fn -istop -style xilinx -f -lang vlog -o D:/Aeld_data/IP_Creation/sha256/solution1/syn/verilog/main_fn 
Execute       syn_report -csynth -model main_fn -o D:/Aeld_data/IP_Creation/sha256/solution1/syn/report/main_fn_csynth.rpt 
Execute       syn_report -rtlxml -model main_fn -o D:/Aeld_data/IP_Creation/sha256/solution1/syn/report/main_fn_csynth.xml 
Execute       syn_report -verbosereport -model main_fn -o D:/Aeld_data/IP_Creation/sha256/solution1/.autopilot/db/main_fn.verbose.rpt 
Command       syn_report done; 0.151 sec.
Execute       db_write -model main_fn -f -o D:/Aeld_data/IP_Creation/sha256/solution1/.autopilot/db/main_fn.adb 
Command       db_write done; 0.104 sec.
Execute       gen_tb_info main_fn -p D:/Aeld_data/IP_Creation/sha256/solution1/.autopilot/db -o D:/Aeld_data/IP_Creation/sha256/solution1/.autopilot/db/main_fn 
Execute       export_constraint_db -f -tool general -o D:/Aeld_data/IP_Creation/sha256/solution1/.autopilot/db/main_fn.constraint.tcl 
Execute       syn_report -designview -model main_fn -o D:/Aeld_data/IP_Creation/sha256/solution1/.autopilot/db/main_fn.design.xml 
Command       syn_report done; 0.132 sec.
Execute       get_config_rtl -disable_wave_debug 
Execute       syn_report -wcfg -model main_fn -o D:/Aeld_data/IP_Creation/sha256/solution1/.autopilot/db/main_fn_dataflow_ana.wcfg 
Execute       syn_report -protoinst -model main_fn -o D:/Aeld_data/IP_Creation/sha256/solution1/.autopilot/db/main_fn.protoinst 
Execute       get_config_debug -directory 
Execute       sc_get_clocks main_fn 
Execute       get_config_export -vivado_clock 
Execute       sc_get_portdomain main_fn 
INFO-FLOW: Model list for RTL component generation: calculateStringLengt sha256_transform sha256_update sha256_final main_fn
INFO-FLOW: Handling components in module [calculateStringLengt] ... 
Execute       source D:/Aeld_data/IP_Creation/sha256/solution1/.autopilot/db/calculateStringLengt.compgen.tcl 
INFO-FLOW: Handling components in module [sha256_transform] ... 
Execute       source D:/Aeld_data/IP_Creation/sha256/solution1/.autopilot/db/sha256_transform.compgen.tcl 
INFO-FLOW: Found component sha256_transform_k.
INFO-FLOW: Append model sha256_transform_k
INFO-FLOW: Found component sha256_transform_m.
INFO-FLOW: Append model sha256_transform_m
INFO-FLOW: Handling components in module [sha256_update] ... 
Execute       source D:/Aeld_data/IP_Creation/sha256/solution1/.autopilot/db/sha256_update.compgen.tcl 
INFO-FLOW: Handling components in module [sha256_final] ... 
Execute       source D:/Aeld_data/IP_Creation/sha256/solution1/.autopilot/db/sha256_final.compgen.tcl 
INFO-FLOW: Handling components in module [main_fn] ... 
Execute       source D:/Aeld_data/IP_Creation/sha256/solution1/.autopilot/db/main_fn.compgen.tcl 
INFO-FLOW: Found component main_fn_ctx_data.
INFO-FLOW: Append model main_fn_ctx_data
INFO-FLOW: Found component main_fn_AXILiteS_s_axi.
INFO-FLOW: Append model main_fn_AXILiteS_s_axi
INFO-FLOW: Found component main_fn_gmem_m_axi.
INFO-FLOW: Append model main_fn_gmem_m_axi
INFO-FLOW: Append model calculateStringLengt
INFO-FLOW: Append model sha256_transform
INFO-FLOW: Append model sha256_update
INFO-FLOW: Append model sha256_final
INFO-FLOW: Append model main_fn
INFO-FLOW: Generating RTL model list ...
INFO-FLOW: All models in this session: sha256_transform_k sha256_transform_m main_fn_ctx_data main_fn_AXILiteS_s_axi main_fn_gmem_m_axi calculateStringLengt sha256_transform sha256_update sha256_final main_fn
INFO-FLOW: To file: write model sha256_transform_k
INFO-FLOW: To file: write model sha256_transform_m
INFO-FLOW: To file: write model main_fn_ctx_data
INFO-FLOW: To file: write model main_fn_AXILiteS_s_axi
INFO-FLOW: To file: write model main_fn_gmem_m_axi
INFO-FLOW: To file: write model calculateStringLengt
INFO-FLOW: To file: write model sha256_transform
INFO-FLOW: To file: write model sha256_update
INFO-FLOW: To file: write model sha256_final
INFO-FLOW: To file: write model main_fn
INFO-FLOW: Finished generating RTL model list.


INFO-FLOW: RTL Generation done.
INFO-FLOW: CAS Generation done.
INFO-FLOW: CBC Generation done.
INFO-FLOW: DBG:CMD: auto_generate_csynth_design
INFO-FLOW: DBG:CMD:     auto_generate --sim-model -phase csynth_design -d D:/Aeld_data/IP_Creation/sha256/solution1
Execute       source D:/Aeld_data/IP_Creation/sha256/solution1/.autopilot/db/global.setting.tcl 
INFO-FLOW: DBG:CMD: read_platform_lib D:/Aeld_data/IP_Creation/sha256/solution1/.autopilot/db/global.setting.tcl
Execute       source D:/Xilinx/Vivado/2019.1/common/technology/generic/autopilot/common.gen 
Execute         source D:/Xilinx/Vivado/2019.1/common/technology/generic/autopilot/APCoreGen.gen 
Execute       source D:/Xilinx/Vivado/2019.1/common/technology/generic/autopilot/op.gen 
Execute       source D:/Xilinx/Vivado/2019.1/common/technology/generic/autopilot/op_simcore.gen 
Execute       source D:/Xilinx/Vivado/2019.1/common/technology/generic/autopilot/interface.gen 
Execute       source D:/Aeld_data/IP_Creation/sha256/solution1/.autopilot/db/global.setting.tcl 
Execute       source D:/Xilinx/Vivado/2019.1/common/technology/xilinx/zynq/zynq.gen 
Execute         source D:/Xilinx/Vivado/2019.1/common/technology/xilinx/common/xilinx.gen 
Execute           source D:/Xilinx/Vivado/2019.1/common/technology/xilinx/interface/plb46.gen 
Execute           source D:/Xilinx/Vivado/2019.1/common/technology/xilinx/interface/fsl.gen 
Execute           source D:/Xilinx/Vivado/2019.1/common/technology/xilinx/interface/axi4.gen 
Execute           source D:/Xilinx/Vivado/2019.1/common/technology/xilinx/interface/nativeAXI4.gen 
Execute             source D:/Xilinx/Vivado/2019.1/common/technology/xilinx/interface/saxilite.gen 
Execute             source D:/Xilinx/Vivado/2019.1/common/technology/xilinx/interface/maxi.gen 
Execute           source D:/Xilinx/Vivado/2019.1/common/technology/xilinx/scripts/xilinxcoregen.gen 
Execute           source D:/Xilinx/Vivado/2019.1/common/technology/xilinx/interface/XilEDKCoreGen.gen 
Execute           source D:/Xilinx/Vivado/2019.1/common/technology/xilinx/ip/dds_compiler.gen 
Execute           source D:/Xilinx/Vivado/2019.1/common/technology/xilinx/ip/util.gen 
Execute           source D:/Xilinx/Vivado/2019.1/common/technology/xilinx/ip/xfft.gen 
Execute           source D:/Xilinx/Vivado/2019.1/common/technology/xilinx/ip/xfir.gen 
Execute           source D:/Xilinx/Vivado/2019.1/common/technology/xilinx/common/dsp48.gen 
Command         ap_source done; 0.131 sec.
Command       ap_source done; 0.131 sec.
Execute       source D:/Xilinx/Vivado/2019.1/common/technology/xilinx/zynq/zynq_fpv6.gen 
Execute         source D:/Xilinx/Vivado/2019.1/common/technology/xilinx/common/xilinx_fp.gen 
INFO-FLOW: DBG:CMD:   using AESL_AUTOCG::g_clock_period=10.000 (was NA)
INFO-FLOW: DBG:CMD:       generate_ip_cores sim=1 export=0 expOnly=0 dstVlogDir=syn/verilog
Execute       source D:/Aeld_data/IP_Creation/sha256/solution1/.autopilot/db/global.setting.tcl 
Execute       ap_part_info -name xc7z020-clg484-1 -data names -quiet 
Execute       ap_part_info -name xc7z020-clg484-1 -data info -quiet 
Execute       source D:/Aeld_data/IP_Creation/sha256/solution1/.autopilot/db/global.setting.tcl 
Execute       source D:/Aeld_data/IP_Creation/sha256/solution1/.autopilot/db/global.setting.tcl 
Execute       source D:/Aeld_data/IP_Creation/sha256/solution1/.autopilot/db/calculateStringLengt.compgen.tcl 
Execute       source D:/Aeld_data/IP_Creation/sha256/solution1/.autopilot/db/sha256_transform.compgen.tcl 
Execute         ap_part_info -name xc7z020-clg484-1 -data names -quiet 
Execute         ap_part_info -name xc7z020-clg484-1 -data info -quiet 
INFO: [RTMG 210-279] Implementing memory 'sha256_transform_k_rom' using auto ROMs.
Execute         ap_part_info -name xc7z020-clg484-1 -data names -quiet 
Execute         ap_part_info -name xc7z020-clg484-1 -data info -quiet 
Execute         ap_part_info -name xc7z020-clg484-1 -data names -quiet 
Execute         ap_part_info -name xc7z020-clg484-1 -data info -quiet 
INFO: [RTMG 210-278] Implementing memory 'sha256_transform_m_ram (RAM)' using block RAMs.
Execute         ap_part_info -name xc7z020-clg484-1 -data names -quiet 
Execute         ap_part_info -name xc7z020-clg484-1 -data info -quiet 
Execute       source D:/Aeld_data/IP_Creation/sha256/solution1/.autopilot/db/sha256_update.compgen.tcl 
Execute       source D:/Aeld_data/IP_Creation/sha256/solution1/.autopilot/db/sha256_final.compgen.tcl 
Execute       source D:/Aeld_data/IP_Creation/sha256/solution1/.autopilot/db/main_fn.compgen.tcl 
INFO: [RTMG 210-278] Implementing memory 'main_fn_ctx_data_ram (RAM)' using block RAMs.
Execute         ap_part_info -name xc7z020-clg484-1 -data names -quiet 
Execute         ap_part_info -name xc7z020-clg484-1 -data info -quiet 
Execute         source ./AXILiteS.slave.tcl 
Execute         is_m_axi_addr64 
Execute         ap_part_info -name xc7z020-clg484-1 -data names -quiet 
Execute         ap_part_info -name xc7z020-clg484-1 -data info -quiet 
INFO-FLOW: DBG:CMD:     auto_generate -export -impltomg_flag -rtl both -tool Vivado -pcore_version 1.00.a -phase csynth_design -d D:/Aeld_data/IP_Creation/sha256/solution1
Execute       source D:/Aeld_data/IP_Creation/sha256/solution1/.autopilot/db/global.setting.tcl 
INFO-FLOW: DBG:CMD: read_platform_lib D:/Aeld_data/IP_Creation/sha256/solution1/.autopilot/db/global.setting.tcl
Execute       source D:/Xilinx/Vivado/2019.1/common/technology/generic/autopilot/common.gen 
Execute         source D:/Xilinx/Vivado/2019.1/common/technology/generic/autopilot/APCoreGen.gen 
Execute       source D:/Xilinx/Vivado/2019.1/common/technology/generic/autopilot/op.gen 
Execute       source D:/Xilinx/Vivado/2019.1/common/technology/generic/autopilot/op_simcore.gen 
Execute       source D:/Xilinx/Vivado/2019.1/common/technology/generic/autopilot/interface.gen 
Execute       source D:/Aeld_data/IP_Creation/sha256/solution1/.autopilot/db/global.setting.tcl 
Execute       source D:/Xilinx/Vivado/2019.1/common/technology/xilinx/zynq/zynq.gen 
Execute         source D:/Xilinx/Vivado/2019.1/common/technology/xilinx/common/xilinx.gen 
Execute           source D:/Xilinx/Vivado/2019.1/common/technology/xilinx/interface/plb46.gen 
Execute           source D:/Xilinx/Vivado/2019.1/common/technology/xilinx/interface/fsl.gen 
Execute           source D:/Xilinx/Vivado/2019.1/common/technology/xilinx/interface/axi4.gen 
Execute           source D:/Xilinx/Vivado/2019.1/common/technology/xilinx/interface/nativeAXI4.gen 
Execute             source D:/Xilinx/Vivado/2019.1/common/technology/xilinx/interface/saxilite.gen 
Execute             source D:/Xilinx/Vivado/2019.1/common/technology/xilinx/interface/maxi.gen 
Execute           source D:/Xilinx/Vivado/2019.1/common/technology/xilinx/scripts/xilinxcoregen.gen 
Execute           source D:/Xilinx/Vivado/2019.1/common/technology/xilinx/interface/XilEDKCoreGen.gen 
Execute           source D:/Xilinx/Vivado/2019.1/common/technology/xilinx/ip/dds_compiler.gen 
Execute           source D:/Xilinx/Vivado/2019.1/common/technology/xilinx/ip/util.gen 
Execute           source D:/Xilinx/Vivado/2019.1/common/technology/xilinx/ip/xfft.gen 
Execute           source D:/Xilinx/Vivado/2019.1/common/technology/xilinx/ip/xfir.gen 
Execute           source D:/Xilinx/Vivado/2019.1/common/technology/xilinx/common/dsp48.gen 
Command         ap_source done; 0.132 sec.
Command       ap_source done; 0.132 sec.
Execute       source D:/Xilinx/Vivado/2019.1/common/technology/xilinx/zynq/zynq_fpv6.gen 
Execute         source D:/Xilinx/Vivado/2019.1/common/technology/xilinx/common/xilinx_fp.gen 
INFO-FLOW: DBG:CMD:       initCTypeInfo top_module=main_fn xml_exists=0
Execute       source D:/Aeld_data/IP_Creation/sha256/solution1/.autopilot/db/main_fn.rtl_wrap.cfg.tcl 
Execute       source D:/Aeld_data/IP_Creation/sha256/solution1/.autopilot/db/main_fn.rtl_wrap.cfg.tcl 
Execute       source D:/Aeld_data/IP_Creation/sha256/solution1/.autopilot/db/main_fn.rtl_wrap.cfg.tcl 
Execute       source D:/Aeld_data/IP_Creation/sha256/solution1/.autopilot/db/main_fn.tbgen.tcl 
Execute       source D:/Aeld_data/IP_Creation/sha256/solution1/.autopilot/db/main_fn.tbgen.tcl 
INFO-FLOW: DBG:CMD:       export_impl_rtl
INFO-FLOW: DBG:CMD:       generate_ip_cores sim=0 export=0 expOnly=0 dstVlogDir=impl/.verilog
Execute       source D:/Aeld_data/IP_Creation/sha256/solution1/.autopilot/db/global.setting.tcl 
Execute       source D:/Aeld_data/IP_Creation/sha256/solution1/.autopilot/db/calculateStringLengt.compgen.tcl 
Execute       source D:/Aeld_data/IP_Creation/sha256/solution1/.autopilot/db/sha256_transform.compgen.tcl 
Execute       source D:/Aeld_data/IP_Creation/sha256/solution1/.autopilot/db/sha256_update.compgen.tcl 
Execute       source D:/Aeld_data/IP_Creation/sha256/solution1/.autopilot/db/sha256_final.compgen.tcl 
Execute       source D:/Aeld_data/IP_Creation/sha256/solution1/.autopilot/db/main_fn.compgen.tcl 
INFO-FLOW: DBG:CMD:       generate_ip_cores sim=0 export=1 expOnly=1 dstVlogDir=impl/.pcores/verilog
Execute       source D:/Aeld_data/IP_Creation/sha256/solution1/.autopilot/db/global.setting.tcl 
Execute       source D:/Aeld_data/IP_Creation/sha256/solution1/.autopilot/db/calculateStringLengt.compgen.tcl 
Execute       source D:/Aeld_data/IP_Creation/sha256/solution1/.autopilot/db/sha256_transform.compgen.tcl 
Execute       source D:/Aeld_data/IP_Creation/sha256/solution1/.autopilot/db/sha256_update.compgen.tcl 
Execute       source D:/Aeld_data/IP_Creation/sha256/solution1/.autopilot/db/sha256_final.compgen.tcl 
Execute       source D:/Aeld_data/IP_Creation/sha256/solution1/.autopilot/db/main_fn.compgen.tcl 
Execute         ap_part_info -name xc7z020-clg484-1 -data names -quiet 
Execute         ap_part_info -name xc7z020-clg484-1 -data info -quiet 
Execute         ap_part_info -name xc7z020-clg484-1 -data names -quiet 
Execute         ap_part_info -name xc7z020-clg484-1 -data info -quiet 
Execute         ap_part_info -name xc7z020-clg484-1 -data names -quiet 
Execute         ap_part_info -name xc7z020-clg484-1 -data info -quiet 
Execute         ap_part_info -name xc7z020-clg484-1 -data names -quiet 
Execute         ap_part_info -name xc7z020-clg484-1 -data info -quiet 
Execute         ap_part_info -name xc7z020-clg484-1 -data names -quiet 
Execute         ap_part_info -name xc7z020-clg484-1 -data info -quiet 
Execute         ap_part_info -name xc7z020-clg484-1 -data names -quiet 
Execute         ap_part_info -name xc7z020-clg484-1 -data info -quiet 
Execute       ap_part_info -name xc7z020-clg484-1 -data names -quiet 
Execute       ap_part_info -name xc7z020-clg484-1 -data info -quiet 
INFO-FLOW: DBG:CMD:       generate_ip_cores sim=0 export=0 expOnly=0 dstVlogDir=impl/.pcores/verilog_sim
Execute       source D:/Aeld_data/IP_Creation/sha256/solution1/.autopilot/db/global.setting.tcl 
Execute       source D:/Aeld_data/IP_Creation/sha256/solution1/.autopilot/db/calculateStringLengt.compgen.tcl 
Execute       source D:/Aeld_data/IP_Creation/sha256/solution1/.autopilot/db/sha256_transform.compgen.tcl 
Execute       source D:/Aeld_data/IP_Creation/sha256/solution1/.autopilot/db/sha256_update.compgen.tcl 
Execute       source D:/Aeld_data/IP_Creation/sha256/solution1/.autopilot/db/sha256_final.compgen.tcl 
Execute       source D:/Aeld_data/IP_Creation/sha256/solution1/.autopilot/db/main_fn.compgen.tcl 
Execute       ap_part_info -name xc7z020-clg484-1 -data names -quiet 
Execute       ap_part_info -name xc7z020-clg484-1 -data info -quiet 
Execute       ap_part_info -name xc7z020-clg484-1 -data names -quiet 
Execute       ap_part_info -name xc7z020-clg484-1 -data info -quiet 
Execute       source D:/Aeld_data/IP_Creation/sha256/solution1/.autopilot/db/global.setting.tcl 
Execute       ap_part_info -name xc7z020-clg484-1 -data names -quiet 
Execute       ap_part_info -name xc7z020-clg484-1 -data info -quiet 
Execute       source D:/Aeld_data/IP_Creation/sha256/solution1/.autopilot/db/main_fn.constraint.tcl 
Execute       source D:/Aeld_data/IP_Creation/sha256/solution1/.autopilot/db/main_fn.tbgen.tcl 
INFO-FLOW: DBG:CMD:       hasPcoreIpAdapter=false #gSsdmPorts=0
INFO-FLOW: DBG:CMD: Skipping loadAnalyze_DB, #g_database=3
INFO-FLOW: DBG:CMD:       generate_json is_phase_csynth=1 g_has_adaptors=false generate_bd_files=0 #modelList=10 #gSsdmPorts=0
Execute       source D:/Xilinx/Vivado/2019.1/tps/tcl/tcllib1.11.1/fileutil/fileutil.tcl 
Execute         source D:/Xilinx/Vivado/2019.1/tps/tcl/tcllib1.11.1/cmdline/cmdline.tcl 
Execute       source D:/Aeld_data/IP_Creation/sha256/solution1/.autopilot/db/global.setting.tcl 
Execute       source D:/Aeld_data/IP_Creation/sha256/solution1/.autopilot/db/global.setting.tcl 
Execute       get_config_export -xo 
Execute       source D:/Aeld_data/IP_Creation/sha256/solution1/.autopilot/db/main_fn.tbgen.tcl 
Execute       source D:/Aeld_data/IP_Creation/sha256/solution1/.autopilot/db/main_fn.compgen.dataonly.tcl 
Execute       source D:/Aeld_data/IP_Creation/sha256/solution1/.autopilot/db/main_fn.compgen.dataonly.tcl 
Execute       source D:/Aeld_data/IP_Creation/sha256/solution1/.autopilot/db/main_fn.tbgen.tcl 
Execute       source D:/Aeld_data/IP_Creation/sha256/solution1/.autopilot/db/global.setting.tcl 
Execute       get_config_sdx -target 
Execute       source D:/Aeld_data/IP_Creation/sha256/solution1/.autopilot/db/main_fn.rtl_wrap.cfg.tcl 
Execute       source D:/Aeld_data/IP_Creation/sha256/solution1/.autopilot/db/main_fn.compgen.dataonly.tcl 
Execute       source D:/Aeld_data/IP_Creation/sha256/solution1/.autopilot/db/global.setting.tcl 
Execute       ap_part_info -name xc7z020-clg484-1 -data names -quiet 
Execute       ap_part_info -name xc7z020-clg484-1 -data info -quiet 
Execute       source D:/Aeld_data/IP_Creation/sha256/solution1/.autopilot/db/main_fn.constraint.tcl 
Execute       sc_get_clocks main_fn 
Execute       ap_part_info -name xc7z020-clg484-1 -data names -quiet 
Execute       ap_part_info -name xc7z020-clg484-1 -data info -quiet 
Execute       source D:/Aeld_data/IP_Creation/sha256/solution1/.autopilot/db/global.setting.tcl 
Execute       get_config_debug -directory 
Execute       source D:/Aeld_data/IP_Creation/sha256/solution1/.autopilot/db/calculateStringLengt.tbgen.tcl 
Execute       source D:/Aeld_data/IP_Creation/sha256/solution1/.autopilot/db/sha256_transform.tbgen.tcl 
Execute       source D:/Aeld_data/IP_Creation/sha256/solution1/.autopilot/db/sha256_update.tbgen.tcl 
Execute       source D:/Aeld_data/IP_Creation/sha256/solution1/.autopilot/db/sha256_final.tbgen.tcl 
Execute       source D:/Aeld_data/IP_Creation/sha256/solution1/.autopilot/db/main_fn.tbgen.tcl 
Execute       get_config_sdx -target 
Execute       get_config_sdx -profile 
Execute       get_config_rtl -kernel_profile 
Execute       get_config_rtl -stall_sig_gen 
Execute       get_config_rtl -profile 
INFO-FLOW: DBG:CMD: add_json_sdx_info kernel file does not exist, skipping opencl info: D:/Aeld_data/IP_Creation/sha256/solution1/.autopilot/db/kernel.internal.xml
INFO-FLOW: DBG:CMD:       delete-temp-dirs (skipped for debug)
INFO: [HLS 200-111] Finished generating all RTL models Time (s): cpu = 00:00:06 ; elapsed = 00:00:18 . Memory (MB): peak = 221.320 ; gain = 129.578
INFO: [VHDL 208-304] Generating VHDL RTL for main_fn.
INFO: [VLOG 209-307] Generating Verilog RTL for main_fn.
Command     autosyn done; 8.535 sec.
Command   csynth_design done; 16.577 sec.
Command ap_source done; 17.731 sec.
Execute cleanup_all 
